<?xml version="1.0" encoding="UTF-8"?>
<testsuite name="org.springframework.context.groovy.GroovyApplicationContextTests" tests="4" skipped="0" failures="0" errors="0" timestamp="2021-02-23T08:38:38" hostname="CHENGXINHUA-PC" time="0.807">
  <properties/>
  <testcase name="testLoadingMultipleConfigFiles()" classname="org.springframework.context.groovy.GroovyApplicationContextTests" time="0.764"/>
  <testcase name="testLoadingMultipleConfigFilesWithRelativeClass()" classname="org.springframework.context.groovy.GroovyApplicationContextTests" time="0.023"/>
  <testcase name="testConfigFileParsingError()" classname="org.springframework.context.groovy.GroovyApplicationContextTests" time="0.008"/>
  <testcase name="testLoadingConfigFile()" classname="org.springframework.context.groovy.GroovyApplicationContextTests" time="0.012"/>
  <system-out><![CDATA[]]></system-out>
  <system-err><![CDATA[]]></system-err>
</testsuite>
