<?xml version="1.0" encoding="UTF-8"?>
<testsuite name="org.springframework.cache.config.EnableCachingIntegrationTests" tests="4" skipped="0" failures="0" errors="0" timestamp="2021-02-23T08:38:27" hostname="CHENGXINHUA-PC" time="0.055">
  <properties/>
  <testcase name="beanConditionOff()" classname="org.springframework.cache.config.EnableCachingIntegrationTests" time="0.019"/>
  <testcase name="beanConditionOn()" classname="org.springframework.cache.config.EnableCachingIntegrationTests" time="0.013"/>
  <testcase name="fooServiceWithInterfaceCglib()" classname="org.springframework.cache.config.EnableCachingIntegrationTests" time="0.015"/>
  <testcase name="fooServiceWithInterface()" classname="org.springframework.cache.config.EnableCachingIntegrationTests" time="0.008"/>
  <system-out><![CDATA[]]></system-out>
  <system-err><![CDATA[]]></system-err>
</testsuite>
