<?xml version="1.0" encoding="UTF-8"?>
<testsuite name="org.springframework.context.support.PropertyResourceConfigurerIntegrationTests" tests="7" skipped="0" failures="0" errors="0" timestamp="2021-02-23T08:38:41" hostname="CHENGXINHUA-PC" time="0.013">
  <properties/>
  <testcase name="testPropertyPlaceholderConfigurerWithSystemPropertyInLocation()" classname="org.springframework.context.support.PropertyResourceConfigurerIntegrationTests" time="0.003"/>
  <testcase name="testPropertyPlaceholderConfigurerWithMultiLevelCircularReference()" classname="org.springframework.context.support.PropertyResourceConfigurerIntegrationTests" time="0.002"/>
  <testcase name="testPropertyPlaceholderConfigurerWithSystemPropertiesInLocation()" classname="org.springframework.context.support.PropertyResourceConfigurerIntegrationTests" time="0.003"/>
  <testcase name="testPropertyPlaceholderConfigurerWithNestedCircularReference()" classname="org.springframework.context.support.PropertyResourceConfigurerIntegrationTests" time="0.001"/>
  <testcase name="testPropertyPlaceholderConfigurerWithNestedUnresolvableReference()" classname="org.springframework.context.support.PropertyResourceConfigurerIntegrationTests" time="0.001"/>
  <testcase name="testPropertyPlaceholderConfigurerWithUnresolvableSystemPropertiesInLocation()" classname="org.springframework.context.support.PropertyResourceConfigurerIntegrationTests" time="0.002"/>
  <testcase name="testPropertyPlaceholderConfigurerWithValueFromSystemProperty()" classname="org.springframework.context.support.PropertyResourceConfigurerIntegrationTests" time="0.001"/>
  <system-out><![CDATA[16:38:41.262 [Test worker] WARN  o.s.c.s.StaticApplicationContext - Exception encountered during context initialization - cancelling refresh attempt: org.springframework.beans.factory.BeanInitializationException: Could not load properties; nested exception is java.io.FileNotFoundException: class path resource [D:/ideaworkspace/spring-framework-master/spring-context/test] cannot be opened because it does not exist
16:38:41.264 [Test worker] WARN  o.s.c.s.StaticApplicationContext - Exception encountered during context initialization - cancelling refresh attempt: org.springframework.beans.factory.BeanDefinitionStoreException: Invalid bean definition with name 'tb1' defined in null: Circular placeholder reference 'var' in property definitions; nested exception is java.lang.IllegalArgumentException: Circular placeholder reference 'var' in property definitions
16:38:41.266 [Test worker] WARN  o.s.c.s.StaticApplicationContext - Exception encountered during context initialization - cancelling refresh attempt: org.springframework.beans.factory.BeanInitializationException: Could not load properties; nested exception is java.io.FileNotFoundException: class path resource [D:/ideaworkspace/spring-framework-master/spring-context/test/D:/ideaworkspace/spring-framework-master/spring-context] cannot be opened because it does not exist
16:38:41.268 [Test worker] WARN  o.s.c.s.StaticApplicationContext - Exception encountered during context initialization - cancelling refresh attempt: org.springframework.beans.factory.BeanDefinitionStoreException: Invalid bean definition with name 'tb1' defined in null: Circular placeholder reference 'm' in property definitions; nested exception is java.lang.IllegalArgumentException: Circular placeholder reference 'm' in property definitions
16:38:41.269 [Test worker] WARN  o.s.c.s.StaticApplicationContext - Exception encountered during context initialization - cancelling refresh attempt: org.springframework.beans.factory.BeanDefinitionStoreException: Invalid bean definition with name 'tb1' defined in null: Could not resolve placeholder 'm2' in value "${m2}"; nested exception is java.lang.IllegalArgumentException: Could not resolve placeholder 'm2' in value "${m2}"
16:38:41.271 [Test worker] WARN  o.s.c.s.StaticApplicationContext - Exception encountered during context initialization - cancelling refresh attempt: org.springframework.beans.factory.BeanInitializationException: Could not load properties; nested exception is java.io.FileNotFoundException: class path resource [${myprop}/test/${myprop}] cannot be opened because it does not exist
]]></system-out>
  <system-err><![CDATA[]]></system-err>
</testsuite>
