<?xml version="1.0" encoding="UTF-8"?>
<testsuite name="org.springframework.aop.aspectj.DeclareParentsDelegateRefTests" tests="2" skipped="0" failures="0" errors="0" timestamp="2021-02-23T08:38:19" hostname="CHENGXINHUA-PC" time="0.033">
  <properties/>
  <testcase name="testIntroductionWasMade()" classname="org.springframework.aop.aspectj.DeclareParentsDelegateRefTests" time="0.019"/>
  <testcase name="testIntroductionDelegation()" classname="org.springframework.aop.aspectj.DeclareParentsDelegateRefTests" time="0.013"/>
  <system-out><![CDATA[]]></system-out>
  <system-err><![CDATA[]]></system-err>
</testsuite>
