<?xml version="1.0" encoding="UTF-8"?>
<testsuite name="org.springframework.format.number.money.MoneyFormattingTests" tests="6" skipped="0" failures="0" errors="0" timestamp="2021-02-23T08:38:42" hostname="CHENGXINHUA-PC" time="0.09">
  <properties/>
  <testcase name="testAmountWithNumberFormat1()" classname="org.springframework.format.number.money.MoneyFormattingTests" time="0.053"/>
  <testcase name="testAmountWithNumberFormat2()" classname="org.springframework.format.number.money.MoneyFormattingTests" time="0.004"/>
  <testcase name="testAmountWithNumberFormat3()" classname="org.springframework.format.number.money.MoneyFormattingTests" time="0.003"/>
  <testcase name="testAmountWithNumberFormat4()" classname="org.springframework.format.number.money.MoneyFormattingTests" time="0.003"/>
  <testcase name="testAmountWithNumberFormat5()" classname="org.springframework.format.number.money.MoneyFormattingTests" time="0.003"/>
  <testcase name="testAmountAndUnit()" classname="org.springframework.format.number.money.MoneyFormattingTests" time="0.02"/>
  <system-out><![CDATA[]]></system-out>
  <system-err><![CDATA[Feb. 23, 2021 4:38:42 P.M. org.javamoney.moneta.DefaultMonetaryContextFactory createMonetaryContextNonNullConfig
INFO: Using custom MathContext: precision=256, roundingMode=HALF_EVEN
]]></system-err>
</testsuite>
