<?xml version="1.0" encoding="UTF-8"?>
<testsuite name="org.springframework.scheduling.concurrent.ConcurrentTaskExecutorTests" tests="17" skipped="0" failures="0" errors="0" timestamp="2021-02-23T08:38:46" hostname="CHENGXINHUA-PC" time="0.153">
  <properties/>
  <testcase name="submitCallableWithGetAfterShutdown()" classname="org.springframework.scheduling.concurrent.ConcurrentTaskExecutorTests" time="0.013"/>
  <testcase name="submitListenableCallableWithGetAfterShutdown()" classname="org.springframework.scheduling.concurrent.ConcurrentTaskExecutorTests" time="0.001"/>
  <testcase name="submitListenableCallable()" classname="org.springframework.scheduling.concurrent.ConcurrentTaskExecutorTests" time="0.012"/>
  <testcase name="executeRunnable()" classname="org.springframework.scheduling.concurrent.ConcurrentTaskExecutorTests" time="0.012"/>
  <testcase name="submitListenableRunnable()" classname="org.springframework.scheduling.concurrent.ConcurrentTaskExecutorTests" time="0.012"/>
  <testcase name="submitFailingCallable()" classname="org.springframework.scheduling.concurrent.ConcurrentTaskExecutorTests" time="0.012"/>
  <testcase name="submitCallable()" classname="org.springframework.scheduling.concurrent.ConcurrentTaskExecutorTests" time="0.012"/>
  <testcase name="submitFailingListenableCallable()" classname="org.springframework.scheduling.concurrent.ConcurrentTaskExecutorTests" time="0.012"/>
  <testcase name="submitRunnableWithGetAfterShutdown()" classname="org.springframework.scheduling.concurrent.ConcurrentTaskExecutorTests" time="0.001"/>
  <testcase name="submitListenableRunnableWithGetAfterShutdown()" classname="org.springframework.scheduling.concurrent.ConcurrentTaskExecutorTests" time="0.012"/>
  <testcase name="submitFailingRunnable()" classname="org.springframework.scheduling.concurrent.ConcurrentTaskExecutorTests" time="0.012"/>
  <testcase name="submitRunnable()" classname="org.springframework.scheduling.concurrent.ConcurrentTaskExecutorTests" time="0.011"/>
  <testcase name="executeFailingRunnable()" classname="org.springframework.scheduling.concurrent.ConcurrentTaskExecutorTests" time="0.012"/>
  <testcase name="submitFailingListenableRunnable()" classname="org.springframework.scheduling.concurrent.ConcurrentTaskExecutorTests" time="0.012"/>
  <testcase name="passingNullExecutorToCtorResultsInDefaultTaskExecutorBeingUsed()" classname="org.springframework.scheduling.concurrent.ConcurrentTaskExecutorTests" time="0.003"/>
  <testcase name="passingNullExecutorToSetterResultsInDefaultTaskExecutorBeingUsed()" classname="org.springframework.scheduling.concurrent.ConcurrentTaskExecutorTests" time="0.002"/>
  <testcase name="zeroArgCtorResultsInDefaultTaskExecutorBeingUsed()" classname="org.springframework.scheduling.concurrent.ConcurrentTaskExecutorTests" time="0.001"/>
  <system-out><![CDATA[]]></system-out>
  <system-err><![CDATA[Feb. 23, 2021 4:38:46 P.M. ClientIntermediary close
INFO: java.io.IOException: The connection is not currently established.
java.io.IOException: The connection is not currently established.
	at com.sun.jmx.remote.generic.ClientSynchroMessageConnectionImpl.checkState(ClientSynchroMessageConnectionImpl.java:617)
	at com.sun.jmx.remote.generic.ClientSynchroMessageConnectionImpl.sendOneWay(ClientSynchroMessageConnectionImpl.java:202)
	at javax.management.remote.generic.GenericConnector.close(GenericConnector.java:300)
	at javax.management.remote.generic.GenericConnector.close(GenericConnector.java:271)
	at javax.management.remote.generic.ClientIntermediary$GenericClientCommunicatorAdmin.doStop(ClientIntermediary.java:897)
	at com.sun.jmx.remote.opt.internal.ClientCommunicatorAdmin.restart(ClientCommunicatorAdmin.java:172)
	at com.sun.jmx.remote.opt.internal.ClientCommunicatorAdmin.gotIOException(ClientCommunicatorAdmin.java:73)
	at javax.management.remote.generic.GenericConnector$RequestHandler.execute(GenericConnector.java:662)
	at com.sun.jmx.remote.generic.ClientSynchroMessageConnectionImpl$RemoteJob.run(ClientSynchroMessageConnectionImpl.java:568)
	at com.sun.jmx.remote.opt.util.ThreadService$ThreadServiceJob.run(ThreadService.java:248)
	at com.sun.jmx.remote.opt.util.JobExecutor.run(JobExecutor.java:99)

]]></system-err>
</testsuite>
