<?xml version="1.0" encoding="UTF-8"?>
<testsuite name="org.springframework.validation.beanvalidation.MethodValidationTests" tests="4" skipped="0" failures="0" errors="0" timestamp="2021-02-23T08:38:55" hostname="CHENGXINHUA-PC" time="0.075">
  <properties/>
  <testcase name="testLazyValidatorForMethodValidation()" classname="org.springframework.validation.beanvalidation.MethodValidationTests" time="0.033"/>
  <testcase name="testMethodValidationInterceptor()" classname="org.springframework.validation.beanvalidation.MethodValidationTests" time="0.011"/>
  <testcase name="testLazyValidatorForMethodValidationWithProxyTargetClass()" classname="org.springframework.validation.beanvalidation.MethodValidationTests" time="0.023"/>
  <testcase name="testMethodValidationPostProcessor()" classname="org.springframework.validation.beanvalidation.MethodValidationTests" time="0.008"/>
  <system-out><![CDATA[]]></system-out>
  <system-err><![CDATA[]]></system-err>
</testsuite>
