<?xml version="1.0" encoding="UTF-8"?>
<testsuite name="org.springframework.aop.aspectj.autoproxy.AspectJAutoProxyCreatorTests" tests="16" skipped="0" failures="0" errors="0" timestamp="2021-02-23T08:38:18" hostname="CHENGXINHUA-PC" time="0.427">
  <properties/>
  <testcase name="testTwoAdviceAspectPrototype()" classname="org.springframework.aop.aspectj.autoproxy.AspectJAutoProxyCreatorTests" time="0.038"/>
  <testcase name="testAspectsAreApplied()" classname="org.springframework.aop.aspectj.autoproxy.AspectJAutoProxyCreatorTests" time="0.043"/>
  <testcase name="testIncludeMechanism()" classname="org.springframework.aop.aspectj.autoproxy.AspectJAutoProxyCreatorTests" time="0.022"/>
  <testcase name="testForceProxyTargetClass()" classname="org.springframework.aop.aspectj.autoproxy.AspectJAutoProxyCreatorTests" time="0.018"/>
  <testcase name="testAspectsAreAppliedInDefinedOrder()" classname="org.springframework.aop.aspectj.autoproxy.AspectJAutoProxyCreatorTests" time="0.021"/>
  <testcase name="testMultipleAspectsWithParameterApplied()" classname="org.springframework.aop.aspectj.autoproxy.AspectJAutoProxyCreatorTests" time="0.024"/>
  <testcase name="testAspectsAndAdvisorAreApplied()" classname="org.springframework.aop.aspectj.autoproxy.AspectJAutoProxyCreatorTests" time="0.011"/>
  <testcase name="testAdviceUsingJoinPoint()" classname="org.springframework.aop.aspectj.autoproxy.AspectJAutoProxyCreatorTests" time="0.022"/>
  <testcase name="testTwoAdviceAspect()" classname="org.springframework.aop.aspectj.autoproxy.AspectJAutoProxyCreatorTests" time="0.023"/>
  <testcase name="testTwoAdviceAspectSingleton()" classname="org.springframework.aop.aspectj.autoproxy.AspectJAutoProxyCreatorTests" time="0.008"/>
  <testcase name="testPerThisAspect()" classname="org.springframework.aop.aspectj.autoproxy.AspectJAutoProxyCreatorTests" time="0.015"/>
  <testcase name="testAspectsAndAdvisorAreAppliedEvenIfComingFromParentFactory()" classname="org.springframework.aop.aspectj.autoproxy.AspectJAutoProxyCreatorTests" time="0.01"/>
  <testcase name="testPerTargetAspect()" classname="org.springframework.aop.aspectj.autoproxy.AspectJAutoProxyCreatorTests" time="0.016"/>
  <testcase name="testRetryAspect()" classname="org.springframework.aop.aspectj.autoproxy.AspectJAutoProxyCreatorTests" time="0.073"/>
  <testcase name="testWithAbstractFactoryBeanAreApplied()" classname="org.springframework.aop.aspectj.autoproxy.AspectJAutoProxyCreatorTests" time="0.011"/>
  <testcase name="testWithBeanNameAutoProxyCreator()" classname="org.springframework.aop.aspectj.autoproxy.AspectJAutoProxyCreatorTests" time="0.068"/>
  <system-out><![CDATA[]]></system-out>
  <system-err><![CDATA[]]></system-err>
</testsuite>
