<?xml version="1.0" encoding="UTF-8"?>
<testsuite name="org.springframework.aop.aspectj.generic.AfterReturningGenericTypeMatchingTests" tests="4" skipped="0" failures="0" errors="0" timestamp="2021-02-23T08:38:19" hostname="CHENGXINHUA-PC" time="0.069">
  <properties/>
  <testcase name="testReturnTypeLowerBoundMatching()" classname="org.springframework.aop.aspectj.generic.AfterReturningGenericTypeMatchingTests" time="0.023"/>
  <testcase name="testReturnTypeUpperBoundMatching()" classname="org.springframework.aop.aspectj.generic.AfterReturningGenericTypeMatchingTests" time="0.013"/>
  <testcase name="testReturnTypeRawMatching()" classname="org.springframework.aop.aspectj.generic.AfterReturningGenericTypeMatchingTests" time="0.014"/>
  <testcase name="testReturnTypeExactMatching()" classname="org.springframework.aop.aspectj.generic.AfterReturningGenericTypeMatchingTests" time="0.015"/>
  <system-out><![CDATA[]]></system-out>
  <system-err><![CDATA[]]></system-err>
</testsuite>
