<?xml version="1.0" encoding="UTF-8"?>
<testsuite name="org.springframework.cache.config.CustomInterceptorTests" tests="3" skipped="0" failures="0" errors="0" timestamp="2021-02-23T08:38:27" hostname="CHENGXINHUA-PC" time="0.033">
  <properties/>
  <testcase name="customInterceptorAppliesWithCheckedException()" classname="org.springframework.cache.config.CustomInterceptorTests" time="0.016"/>
  <testcase name="customInterceptorAppliesWithRuntimeException()" classname="org.springframework.cache.config.CustomInterceptorTests" time="0.008"/>
  <testcase name="onlyOneInterceptorIsAvailable()" classname="org.springframework.cache.config.CustomInterceptorTests" time="0.008"/>
  <system-out><![CDATA[]]></system-out>
  <system-err><![CDATA[]]></system-err>
</testsuite>
