<?xml version="1.0" encoding="UTF-8"?>
<testsuite name="org.springframework.cache.config.ExpressionCachingIntegrationTests" tests="1" skipped="0" failures="0" errors="0" timestamp="2021-02-23T08:38:28" hostname="CHENGXINHUA-PC" time="0.011">
  <properties/>
  <testcase name="expressionIsCacheBasedOnActualMethod()" classname="org.springframework.cache.config.ExpressionCachingIntegrationTests" time="0.011"/>
  <system-out><![CDATA[]]></system-out>
  <system-err><![CDATA[]]></system-err>
</testsuite>
