<?xml version="1.0" encoding="UTF-8"?>
<testsuite name="org.springframework.scripting.support.StandardScriptFactoryTests" tests="3" skipped="0" failures="0" errors="0" timestamp="2021-02-23T08:38:54" hostname="CHENGXINHUA-PC" time="0.409">
  <properties/>
  <testcase name="testRefreshableJsr223FromTagWithInterface()" classname="org.springframework.scripting.support.StandardScriptFactoryTests" time="0.35"/>
  <testcase name="testJsr223FromTagWithInterface()" classname="org.springframework.scripting.support.StandardScriptFactoryTests" time="0.031"/>
  <testcase name="testInlineJsr223FromTagWithInterface()" classname="org.springframework.scripting.support.StandardScriptFactoryTests" time="0.028"/>
  <system-out><![CDATA[]]></system-out>
  <system-err><![CDATA[Warning: Nashorn engine is planned to be removed from a future JDK release
Warning: Nashorn engine is planned to be removed from a future JDK release
Warning: Nashorn engine is planned to be removed from a future JDK release
Warning: Nashorn engine is planned to be removed from a future JDK release
Warning: Nashorn engine is planned to be removed from a future JDK release
Warning: Nashorn engine is planned to be removed from a future JDK release
Warning: Nashorn engine is planned to be removed from a future JDK release
]]></system-err>
</testsuite>
