<?xml version="1.0" encoding="UTF-8"?>
<testsuite name="org.springframework.aop.aspectj.OverloadedAdviceTests" tests="2" skipped="0" failures="0" errors="0" timestamp="2021-02-23T08:38:19" hostname="CHENGXINHUA-PC" time="0.036">
  <properties/>
  <testcase name="testExceptionOnConfigParsingWithMismatchedAdviceMethod()" classname="org.springframework.aop.aspectj.OverloadedAdviceTests" time="0.028"/>
  <testcase name="testExceptionOnConfigParsingWithAmbiguousAdviceMethod()" classname="org.springframework.aop.aspectj.OverloadedAdviceTests" time="0.008"/>
  <system-out><![CDATA[16:38:19.925 [Test worker] WARN  o.s.c.s.ClassPathXmlApplicationContext - Exception encountered during context initialization - cancelling refresh attempt: org.springframework.beans.factory.BeanCreationException: Error creating bean with name 'org.springframework.aop.aspectj.AspectJPointcutAdvisor#1': Bean instantiation via constructor failed; nested exception is org.springframework.beans.BeanInstantiationException: Failed to instantiate [org.springframework.aop.aspectj.AspectJPointcutAdvisor]: Constructor threw exception; nested exception is java.lang.IllegalArgumentException: warning no match for this type name: name [Xlint:invalidAbsoluteTypeName]
16:38:19.935 [Test worker] WARN  o.s.c.s.ClassPathXmlApplicationContext - Exception encountered during context initialization - cancelling refresh attempt: org.springframework.beans.factory.BeanCreationException: Error creating bean with name 'org.springframework.aop.aspectj.AspectJPointcutAdvisor#0': Cannot create inner bean '(inner bean)#317a18b4' of type [org.springframework.aop.aspectj.AspectJMethodBeforeAdvice] while setting constructor argument; nested exception is org.springframework.beans.factory.BeanCreationException: Error creating bean with name '(inner bean)#317a18b4': Cannot create inner bean '(inner bean)#1b967f71' of type [org.springframework.aop.config.MethodLocatingFactoryBean] while setting constructor argument; nested exception is org.springframework.beans.factory.BeanCreationException: Error creating bean with name '(inner bean)#1b967f71': Initialization of bean failed; nested exception is java.lang.IllegalArgumentException: Cannot resolve method 'myBeforeAdvice' to a unique method. Attempted to resolve to overloaded method with the least number of parameters but there were 2 candidates.
]]></system-out>
  <system-err><![CDATA[]]></system-err>
</testsuite>
