<?xml version="1.0" encoding="UTF-8"?>
<testsuite name="org.springframework.context.annotation.AutoProxyLazyInitTests" tests="4" skipped="0" failures="0" errors="0" timestamp="2021-02-23T08:38:28" hostname="CHENGXINHUA-PC" time="0.05">
  <properties/>
  <testcase name="withNonStaticBeanMethodAndInterface()" classname="org.springframework.context.annotation.AutoProxyLazyInitTests" time="0.02"/>
  <testcase name="withStaticBeanMethodAndInterface()" classname="org.springframework.context.annotation.AutoProxyLazyInitTests" time="0.017"/>
  <testcase name="withStaticBeanMethod()" classname="org.springframework.context.annotation.AutoProxyLazyInitTests" time="0.006"/>
  <testcase name="withNonStaticBeanMethod()" classname="org.springframework.context.annotation.AutoProxyLazyInitTests" time="0.005"/>
  <system-out><![CDATA[]]></system-out>
  <system-err><![CDATA[]]></system-err>
</testsuite>
