<?xml version="1.0" encoding="UTF-8"?>
<testsuite name="org.springframework.aop.config.AopNamespaceHandlerThrowingTests" tests="2" skipped="0" failures="0" errors="0" timestamp="2021-02-23T08:38:20" hostname="CHENGXINHUA-PC" time="0.017">
  <properties/>
  <testcase name="testThrowingOnThrowingAdvice()" classname="org.springframework.aop.config.AopNamespaceHandlerThrowingTests" time="0.01"/>
  <testcase name="testParseThrowingOnOtherAdviceType()" classname="org.springframework.aop.config.AopNamespaceHandlerThrowingTests" time="0.006"/>
  <system-out><![CDATA[]]></system-out>
  <system-err><![CDATA[]]></system-err>
</testsuite>
