<?xml version="1.0" encoding="UTF-8"?>
<testsuite name="org.springframework.scheduling.config.SchedulerBeanDefinitionParserTests" tests="3" skipped="0" failures="0" errors="0" timestamp="2021-02-23T08:38:50" hostname="CHENGXINHUA-PC" time="0.024">
  <properties/>
  <testcase name="customScheduler()" classname="org.springframework.scheduling.config.SchedulerBeanDefinitionParserTests" time="0.008"/>
  <testcase name="threadNamePrefix()" classname="org.springframework.scheduling.config.SchedulerBeanDefinitionParserTests" time="0.009"/>
  <testcase name="defaultScheduler()" classname="org.springframework.scheduling.config.SchedulerBeanDefinitionParserTests" time="0.007"/>
  <system-out><![CDATA[]]></system-out>
  <system-err><![CDATA[]]></system-err>
</testsuite>
