<?xml version="1.0" encoding="UTF-8"?>
<testsuite name="org.springframework.aop.aspectj.PropertyDependentAspectTests" tests="4" skipped="0" failures="0" errors="0" timestamp="2021-02-23T08:38:20" hostname="CHENGXINHUA-PC" time="0.059">
  <properties/>
  <testcase name="propertyDependentAtAspectJAspectWithPropertyDeclaredAfterAdvice()" classname="org.springframework.aop.aspectj.PropertyDependentAspectTests" time="0.015"/>
  <testcase name="propertyDependentAtAspectJAspectWithPropertyDeclaredBeforeAdvice()" classname="org.springframework.aop.aspectj.PropertyDependentAspectTests" time="0.014"/>
  <testcase name="propertyDependentAspectWithPropertyDeclaredAfterAdvice()" classname="org.springframework.aop.aspectj.PropertyDependentAspectTests" time="0.017"/>
  <testcase name="propertyDependentAspectWithPropertyDeclaredBeforeAdvice()" classname="org.springframework.aop.aspectj.PropertyDependentAspectTests" time="0.013"/>
  <system-out><![CDATA[]]></system-out>
  <system-err><![CDATA[]]></system-err>
</testsuite>
