<?xml version="1.0" encoding="UTF-8"?>
<testsuite name="org.springframework.context.annotation.AggressiveFactoryBeanInstantiationTests" tests="3" skipped="0" failures="0" errors="0" timestamp="2021-02-23T08:38:28" hostname="CHENGXINHUA-PC" time="0.028">
  <properties/>
  <testcase name="checkLinkageError()" classname="org.springframework.context.annotation.AggressiveFactoryBeanInstantiationTests" time="0.014"/>
  <testcase name="directlyRegisteredFactoryBean()" classname="org.springframework.context.annotation.AggressiveFactoryBeanInstantiationTests" time="0.002"/>
  <testcase name="beanMethodFactoryBean()" classname="org.springframework.context.annotation.AggressiveFactoryBeanInstantiationTests" time="0.012"/>
  <system-out><![CDATA[16:38:28.688 [Test worker] WARN  o.s.c.a.AnnotationConfigApplicationContext - Exception encountered during context initialization - cancelling refresh attempt: org.springframework.beans.factory.UnsatisfiedDependencyException: Error creating bean with name 'autowiredBean': Unsatisfied dependency expressed through field 'foo'; nested exception is org.springframework.beans.factory.BeanCreationException: Error creating bean with name 'simpleFactoryBean' defined in org.springframework.context.annotation.AggressiveFactoryBeanInstantiationTests$BeanMethodConfigurationWithExceptionInInitializer: Bean instantiation via factory method failed; nested exception is org.springframework.beans.BeanInstantiationException: Failed to instantiate [org.springframework.context.annotation.AggressiveFactoryBeanInstantiationTests$SimpleFactoryBean]: Factory method 'simpleFactoryBean' threw exception; nested exception is java.lang.ExceptionInInitializerError
]]></system-out>
  <system-err><![CDATA[]]></system-err>
</testsuite>
