<?xml version="1.0" encoding="UTF-8"?>
<testsuite name="org.springframework.aop.target.CommonsPool2TargetSourceTests" tests="9" skipped="0" failures="0" errors="0" timestamp="2021-02-23T08:38:22" hostname="CHENGXINHUA-PC" time="0.076">
  <properties/>
  <testcase name="testHitMaxSize()" classname="org.springframework.aop.target.CommonsPool2TargetSourceTests" time="0.008"/>
  <testcase name="testHitMaxSizeLoadedFromContext()" classname="org.springframework.aop.target.CommonsPool2TargetSourceTests" time="0.016"/>
  <testcase name="testSetWhenExhaustedAction()" classname="org.springframework.aop.target.CommonsPool2TargetSourceTests" time="0.004"/>
  <testcase name="testConfigMixin()" classname="org.springframework.aop.target.CommonsPool2TargetSourceTests" time="0.011"/>
  <testcase name="testTargetSourceSerializableWithoutConfigMixin()" classname="org.springframework.aop.target.CommonsPool2TargetSourceTests" time="0.006"/>
  <testcase name="testFunctionality()" classname="org.springframework.aop.target.CommonsPool2TargetSourceTests" time="0.009"/>
  <testcase name="referenceIdentityByDefault()" classname="org.springframework.aop.target.CommonsPool2TargetSourceTests" time="0.004"/>
  <testcase name="testFunctionalityWithNoInterceptors()" classname="org.springframework.aop.target.CommonsPool2TargetSourceTests" time="0.008"/>
  <testcase name="testProxySerializableWithoutConfigMixin()" classname="org.springframework.aop.target.CommonsPool2TargetSourceTests" time="0.009"/>
  <system-out><![CDATA[0
1
2
3
4
5
6
7
8
9
]]></system-out>
  <system-err><![CDATA[]]></system-err>
</testsuite>
