<?xml version="1.0" encoding="UTF-8"?>
<testsuite name="org.springframework.context.expression.FactoryBeanAccessTests" tests="1" skipped="0" failures="0" errors="0" timestamp="2021-02-23T08:38:38" hostname="CHENGXINHUA-PC" time="0.004">
  <properties/>
  <testcase name="factoryBeanAccess()" classname="org.springframework.context.expression.FactoryBeanAccessTests" time="0.004"/>
  <system-out><![CDATA[]]></system-out>
  <system-err><![CDATA[]]></system-err>
</testsuite>
