<?xml version="1.0" encoding="UTF-8"?>
<testsuite name="org.springframework.scheduling.concurrent.ThreadPoolTaskExecutorTests" tests="14" skipped="0" failures="0" errors="0" timestamp="2021-02-23T08:38:47" hostname="CHENGXINHUA-PC" time="0.166">
  <properties/>
  <testcase name="submitCallableWithGetAfterShutdown()" classname="org.springframework.scheduling.concurrent.ThreadPoolTaskExecutorTests" time="0.012"/>
  <testcase name="submitListenableCallableWithGetAfterShutdown()" classname="org.springframework.scheduling.concurrent.ThreadPoolTaskExecutorTests" time="0.002"/>
  <testcase name="submitListenableCallable()" classname="org.springframework.scheduling.concurrent.ThreadPoolTaskExecutorTests" time="0.022"/>
  <testcase name="executeRunnable()" classname="org.springframework.scheduling.concurrent.ThreadPoolTaskExecutorTests" time="0.012"/>
  <testcase name="submitListenableRunnable()" classname="org.springframework.scheduling.concurrent.ThreadPoolTaskExecutorTests" time="0.011"/>
  <testcase name="submitFailingCallable()" classname="org.springframework.scheduling.concurrent.ThreadPoolTaskExecutorTests" time="0.012"/>
  <testcase name="submitCallable()" classname="org.springframework.scheduling.concurrent.ThreadPoolTaskExecutorTests" time="0.011"/>
  <testcase name="submitFailingListenableCallable()" classname="org.springframework.scheduling.concurrent.ThreadPoolTaskExecutorTests" time="0.011"/>
  <testcase name="submitRunnableWithGetAfterShutdown()" classname="org.springframework.scheduling.concurrent.ThreadPoolTaskExecutorTests" time="0.001"/>
  <testcase name="submitListenableRunnableWithGetAfterShutdown()" classname="org.springframework.scheduling.concurrent.ThreadPoolTaskExecutorTests" time="0.012"/>
  <testcase name="submitFailingRunnable()" classname="org.springframework.scheduling.concurrent.ThreadPoolTaskExecutorTests" time="0.011"/>
  <testcase name="submitRunnable()" classname="org.springframework.scheduling.concurrent.ThreadPoolTaskExecutorTests" time="0.01"/>
  <testcase name="executeFailingRunnable()" classname="org.springframework.scheduling.concurrent.ThreadPoolTaskExecutorTests" time="0.022"/>
  <testcase name="submitFailingListenableRunnable()" classname="org.springframework.scheduling.concurrent.ThreadPoolTaskExecutorTests" time="0.013"/>
  <system-out><![CDATA[]]></system-out>
  <system-err><![CDATA[]]></system-err>
</testsuite>
