<?xml version="1.0" encoding="UTF-8"?>
<testsuite name="org.springframework.context.expression.CachedExpressionEvaluatorTests" tests="3" skipped="0" failures="0" errors="0" timestamp="2021-02-23T08:38:38" hostname="CHENGXINHUA-PC" time="0.003">
  <properties/>
  <testcase name="cacheExpressionBasedOnConcreteType()" classname="org.springframework.context.expression.CachedExpressionEvaluatorTests" time="0.001"/>
  <testcase name="parseNewExpression()" classname="org.springframework.context.expression.CachedExpressionEvaluatorTests" time="0.001"/>
  <testcase name="cacheExpression()" classname="org.springframework.context.expression.CachedExpressionEvaluatorTests" time="0.001"/>
  <system-out><![CDATA[]]></system-out>
  <system-err><![CDATA[]]></system-err>
</testsuite>
