<?xml version="1.0" encoding="UTF-8"?>
<testsuite name="org.springframework.cache.interceptor.CachePutEvaluationTests" tests="2" skipped="0" failures="0" errors="0" timestamp="2021-02-23T08:38:28" hostname="CHENGXINHUA-PC" time="0.019">
  <properties/>
  <testcase name="getAndPut()" classname="org.springframework.cache.interceptor.CachePutEvaluationTests" time="0.012"/>
  <testcase name="mutualGetPutExclusion()" classname="org.springframework.cache.interceptor.CachePutEvaluationTests" time="0.007"/>
  <system-out><![CDATA[]]></system-out>
  <system-err><![CDATA[]]></system-err>
</testsuite>
