<?xml version="1.0" encoding="UTF-8"?>
<testsuite name="org.springframework.format.number.NumberStyleFormatterTests" tests="4" skipped="0" failures="0" errors="0" timestamp="2021-02-23T08:38:42" hostname="CHENGXINHUA-PC" time="0.001">
  <properties/>
  <testcase name="parseValue()" classname="org.springframework.format.number.NumberStyleFormatterTests" time="0.0"/>
  <testcase name="parsePercentValueNotLenientFailure()" classname="org.springframework.format.number.NumberStyleFormatterTests" time="0.001"/>
  <testcase name="parseBogusValue()" classname="org.springframework.format.number.NumberStyleFormatterTests" time="0.0"/>
  <testcase name="formatValue()" classname="org.springframework.format.number.NumberStyleFormatterTests" time="0.0"/>
  <system-out><![CDATA[]]></system-out>
  <system-err><![CDATA[]]></system-err>
</testsuite>
