<?xml version="1.0" encoding="UTF-8"?>
<testsuite name="org.springframework.aop.framework.adapter.AdvisorAdapterRegistrationTests" tests="2" skipped="0" failures="0" errors="0" timestamp="2021-02-23T08:38:20" hostname="CHENGXINHUA-PC" time="0.023">
  <properties/>
  <testcase name="testAdvisorAdapterRegistrationManagerPresentInContext()" classname="org.springframework.aop.framework.adapter.AdvisorAdapterRegistrationTests" time="0.016"/>
  <testcase name="testAdvisorAdapterRegistrationManagerNotPresentInContext()" classname="org.springframework.aop.framework.adapter.AdvisorAdapterRegistrationTests" time="0.006"/>
  <system-out><![CDATA[]]></system-out>
  <system-err><![CDATA[]]></system-err>
</testsuite>
