<?xml version="1.0" encoding="UTF-8"?>
<testsuite name="org.springframework.context.i18n.LocaleContextHolderTests" tests="5" skipped="0" failures="0" errors="0" timestamp="2021-02-23T08:38:38" hostname="CHENGXINHUA-PC" time="0.004">
  <properties/>
  <testcase name="testSetTimeZone()" classname="org.springframework.context.i18n.LocaleContextHolderTests" time="0.003"/>
  <testcase name="testSetTimeZoneAwareLocaleContext()" classname="org.springframework.context.i18n.LocaleContextHolderTests" time="0.0"/>
  <testcase name="testSetLocale()" classname="org.springframework.context.i18n.LocaleContextHolderTests" time="0.0"/>
  <testcase name="testSetLocaleAndSetTimeZoneMixed()" classname="org.springframework.context.i18n.LocaleContextHolderTests" time="0.0"/>
  <testcase name="testSetLocaleContext()" classname="org.springframework.context.i18n.LocaleContextHolderTests" time="0.001"/>
  <system-out><![CDATA[]]></system-out>
  <system-err><![CDATA[]]></system-err>
</testsuite>
