<?xml version="1.0" encoding="UTF-8"?>
<testsuite name="org.springframework.aop.aspectj.AroundAdviceCircularTests" tests="5" skipped="0" failures="0" errors="0" timestamp="2021-02-23T08:38:18" hostname="CHENGXINHUA-PC" time="0.118">
  <properties/>
  <testcase name="testJustJoinPoint()" classname="org.springframework.aop.aspectj.AroundAdviceCircularTests" time="0.03"/>
  <testcase name="testOneObjectArgBoundToTarget()" classname="org.springframework.aop.aspectj.AroundAdviceCircularTests" time="0.022"/>
  <testcase name="testOneIntAndOneObjectArgs()" classname="org.springframework.aop.aspectj.AroundAdviceCircularTests" time="0.02"/>
  <testcase name="testOneIntArg()" classname="org.springframework.aop.aspectj.AroundAdviceCircularTests" time="0.026"/>
  <testcase name="testBothBeansAreProxies()" classname="org.springframework.aop.aspectj.AroundAdviceCircularTests" time="0.019"/>
  <system-out><![CDATA[]]></system-out>
  <system-err><![CDATA[]]></system-err>
</testsuite>
