<?xml version="1.0" encoding="UTF-8"?>
<testsuite name="org.springframework.aop.aspectj.AroundAdviceBindingTests" tests="4" skipped="0" failures="0" errors="0" timestamp="2021-02-23T08:38:17" hostname="CHENGXINHUA-PC" time="0.086">
  <properties/>
  <testcase name="testJustJoinPoint()" classname="org.springframework.aop.aspectj.AroundAdviceBindingTests" time="0.029"/>
  <testcase name="testOneObjectArgBoundToTarget()" classname="org.springframework.aop.aspectj.AroundAdviceBindingTests" time="0.017"/>
  <testcase name="testOneIntAndOneObjectArgs()" classname="org.springframework.aop.aspectj.AroundAdviceBindingTests" time="0.016"/>
  <testcase name="testOneIntArg()" classname="org.springframework.aop.aspectj.AroundAdviceBindingTests" time="0.022"/>
  <system-out><![CDATA[]]></system-out>
  <system-err><![CDATA[]]></system-err>
</testsuite>
