<?xml version="1.0" encoding="UTF-8"?>
<testsuite name="org.springframework.context.annotation.configuration.ImportResourceTests" tests="8" skipped="0" failures="0" errors="0" timestamp="2021-02-23T08:38:34" hostname="CHENGXINHUA-PC" time="0.087">
  <properties/>
  <testcase name="importNonXmlResource()" classname="org.springframework.context.annotation.configuration.ImportResourceTests" time="0.006"/>
  <testcase name="importXml()" classname="org.springframework.context.annotation.configuration.ImportResourceTests" time="0.011"/>
  <testcase name="importWithPlaceholder()" classname="org.springframework.context.annotation.configuration.ImportResourceTests" time="0.008"/>
  <testcase name="importXmlWithNamespaceConfig()" classname="org.springframework.context.annotation.configuration.ImportResourceTests" time="0.01"/>
  <testcase name="importXmlWithAutowiredConfig()" classname="org.springframework.context.annotation.configuration.ImportResourceTests" time="0.014"/>
  <testcase name="importXmlIsInheritedFromSuperclassDeclarations()" classname="org.springframework.context.annotation.configuration.ImportResourceTests" time="0.01"/>
  <testcase name="importXmlIsMergedFromSuperclassDeclarations()" classname="org.springframework.context.annotation.configuration.ImportResourceTests" time="0.012"/>
  <testcase name="importXmlWithOtherConfigurationClass()" classname="org.springframework.context.annotation.configuration.ImportResourceTests" time="0.015"/>
  <system-out><![CDATA[]]></system-out>
  <system-err><![CDATA[]]></system-err>
</testsuite>
