<?xml version="1.0" encoding="UTF-8"?>
<testsuite name="org.springframework.jmx.support.MBeanServerConnectionFactoryBeanTests" tests="4" skipped="0" failures="0" errors="0" timestamp="2021-02-23T08:38:45" hostname="CHENGXINHUA-PC" time="0.232">
  <properties/>
  <testcase name="lazyConnectionAndNoAccess()" classname="org.springframework.jmx.support.MBeanServerConnectionFactoryBeanTests" time="0.006"/>
  <testcase name="noServiceUrl()" classname="org.springframework.jmx.support.MBeanServerConnectionFactoryBeanTests" time="0.001"/>
  <testcase name="lazyConnection()" classname="org.springframework.jmx.support.MBeanServerConnectionFactoryBeanTests" time="0.117"/>
  <testcase name="validConnection()" classname="org.springframework.jmx.support.MBeanServerConnectionFactoryBeanTests" time="0.106"/>
  <system-out><![CDATA[]]></system-out>
  <system-err><![CDATA[]]></system-err>
</testsuite>
