<?xml version="1.0" encoding="UTF-8"?>
<testsuite name="org.springframework.jmx.access.RemoteMBeanClientInterceptorTests" tests="14" skipped="0" failures="0" errors="0" timestamp="2021-02-23T08:38:43" hostname="CHENGXINHUA-PC" time="1.26">
  <properties/>
  <testcase name="invokeUnexposedMethodWithException()" classname="org.springframework.jmx.access.RemoteMBeanClientInterceptorTests" time="0.113"/>
  <testcase name="invokeNoArgs()" classname="org.springframework.jmx.access.RemoteMBeanClientInterceptorTests" time="0.109"/>
  <testcase name="differentProxiesSameClass()" classname="org.springframework.jmx.access.RemoteMBeanClientInterceptorTests" time="0.116"/>
  <testcase name="setReadOnlyAttribute()" classname="org.springframework.jmx.access.RemoteMBeanClientInterceptorTests" time="0.129"/>
  <testcase name="proxyClassIsDifferent()" classname="org.springframework.jmx.access.RemoteMBeanClientInterceptorTests" time="0.11"/>
  <testcase name="lazyConnectionToRemote()" classname="org.springframework.jmx.access.RemoteMBeanClientInterceptorTests" time="0.016"/>
  <testcase name="setAttributeValueWithIOException()" classname="org.springframework.jmx.access.RemoteMBeanClientInterceptorTests" time="0.107"/>
  <testcase name="mxBeanOperationAccess()" classname="org.springframework.jmx.access.RemoteMBeanClientInterceptorTests" time="0.006"/>
  <testcase name="setAttributeValue()" classname="org.springframework.jmx.access.RemoteMBeanClientInterceptorTests" time="0.109"/>
  <testcase name="setAttributeValueWithCheckedException()" classname="org.springframework.jmx.access.RemoteMBeanClientInterceptorTests" time="0.108"/>
  <testcase name="mxBeanAttributeAccess()" classname="org.springframework.jmx.access.RemoteMBeanClientInterceptorTests" time="0.005"/>
  <testcase name="invokeArgs()" classname="org.springframework.jmx.access.RemoteMBeanClientInterceptorTests" time="0.108"/>
  <testcase name="setAttributeValueWithRuntimeException()" classname="org.springframework.jmx.access.RemoteMBeanClientInterceptorTests" time="0.108"/>
  <testcase name="getAttributeValue()" classname="org.springframework.jmx.access.RemoteMBeanClientInterceptorTests" time="0.108"/>
  <system-out><![CDATA[]]></system-out>
  <system-err><![CDATA[]]></system-err>
</testsuite>
