<?xml version="1.0" encoding="UTF-8"?>
<testsuite name="org.springframework.scheduling.support.CronTriggerTests" tests="112" skipped="0" failures="0" errors="0" timestamp="2021-02-23T08:38:50" hostname="CHENGXINHUA-PC" time="0.167">
  <properties/>
  <testcase name="[1] localDateTime[2021-02-23T16:38:50.950], time zone[sun.util.calendar.ZoneInfo[id=&quot;PST&quot;,offset=-28800000,dstSavings=3600000,useDaylight=true,transitions=185,lastRule=java.util.SimpleTimeZone[id=PST,offset=-28800000,dstSavings=3600000,useDaylight=true,startYear=0,startMode=3,startMonth=2,startDay=8,startDayOfWeek=1,startTime=7200000,startTimeMode=0,endMode=3,endMonth=10,endDay=1,endDayOfWeek=1,endTime=7200000,endTimeMode=0]]]" classname="org.springframework.scheduling.support.CronTriggerTests" time="0.001"/>
  <testcase name="[2] localDateTime[2021-02-23T16:38:50.951], time zone[sun.util.calendar.ZoneInfo[id=&quot;CET&quot;,offset=3600000,dstSavings=3600000,useDaylight=true,transitions=137,lastRule=java.util.SimpleTimeZone[id=CET,offset=3600000,dstSavings=3600000,useDaylight=true,startYear=0,startMode=2,startMonth=2,startDay=-1,startDayOfWeek=1,startTime=7200000,startTimeMode=1,endMode=2,endMonth=9,endDay=-1,endDayOfWeek=1,endTime=7200000,endTimeMode=1]]]" classname="org.springframework.scheduling.support.CronTriggerTests" time="0.001"/>
  <testcase name="[1] localDateTime[2021-02-23T16:38:50.953], time zone[sun.util.calendar.ZoneInfo[id=&quot;PST&quot;,offset=-28800000,dstSavings=3600000,useDaylight=true,transitions=185,lastRule=java.util.SimpleTimeZone[id=PST,offset=-28800000,dstSavings=3600000,useDaylight=true,startYear=0,startMode=3,startMonth=2,startDay=8,startDayOfWeek=1,startTime=7200000,startTimeMode=0,endMode=3,endMonth=10,endDay=1,endDayOfWeek=1,endTime=7200000,endTimeMode=0]]]" classname="org.springframework.scheduling.support.CronTriggerTests" time="0.0"/>
  <testcase name="[2] localDateTime[2021-02-23T16:38:50.954], time zone[sun.util.calendar.ZoneInfo[id=&quot;CET&quot;,offset=3600000,dstSavings=3600000,useDaylight=true,transitions=137,lastRule=java.util.SimpleTimeZone[id=CET,offset=3600000,dstSavings=3600000,useDaylight=true,startYear=0,startMode=2,startMonth=2,startDay=-1,startDayOfWeek=1,startTime=7200000,startTimeMode=1,endMode=2,endMonth=9,endDay=-1,endDayOfWeek=1,endTime=7200000,endTimeMode=1]]]" classname="org.springframework.scheduling.support.CronTriggerTests" time="0.001"/>
  <testcase name="[1] localDateTime[2021-02-23T16:38:50.955], time zone[sun.util.calendar.ZoneInfo[id=&quot;PST&quot;,offset=-28800000,dstSavings=3600000,useDaylight=true,transitions=185,lastRule=java.util.SimpleTimeZone[id=PST,offset=-28800000,dstSavings=3600000,useDaylight=true,startYear=0,startMode=3,startMonth=2,startDay=8,startDayOfWeek=1,startTime=7200000,startTimeMode=0,endMode=3,endMonth=10,endDay=1,endDayOfWeek=1,endTime=7200000,endTimeMode=0]]]" classname="org.springframework.scheduling.support.CronTriggerTests" time="0.001"/>
  <testcase name="[2] localDateTime[2021-02-23T16:38:50.955], time zone[sun.util.calendar.ZoneInfo[id=&quot;CET&quot;,offset=3600000,dstSavings=3600000,useDaylight=true,transitions=137,lastRule=java.util.SimpleTimeZone[id=CET,offset=3600000,dstSavings=3600000,useDaylight=true,startYear=0,startMode=2,startMonth=2,startDay=-1,startDayOfWeek=1,startTime=7200000,startTimeMode=1,endMode=2,endMonth=9,endDay=-1,endDayOfWeek=1,endTime=7200000,endTimeMode=1]]]" classname="org.springframework.scheduling.support.CronTriggerTests" time="0.0"/>
  <testcase name="[1] localDateTime[2021-02-23T16:38:50.958], time zone[sun.util.calendar.ZoneInfo[id=&quot;PST&quot;,offset=-28800000,dstSavings=3600000,useDaylight=true,transitions=185,lastRule=java.util.SimpleTimeZone[id=PST,offset=-28800000,dstSavings=3600000,useDaylight=true,startYear=0,startMode=3,startMonth=2,startDay=8,startDayOfWeek=1,startTime=7200000,startTimeMode=0,endMode=3,endMonth=10,endDay=1,endDayOfWeek=1,endTime=7200000,endTimeMode=0]]]" classname="org.springframework.scheduling.support.CronTriggerTests" time="0.0"/>
  <testcase name="[2] localDateTime[2021-02-23T16:38:50.958], time zone[sun.util.calendar.ZoneInfo[id=&quot;CET&quot;,offset=3600000,dstSavings=3600000,useDaylight=true,transitions=137,lastRule=java.util.SimpleTimeZone[id=CET,offset=3600000,dstSavings=3600000,useDaylight=true,startYear=0,startMode=2,startMonth=2,startDay=-1,startDayOfWeek=1,startTime=7200000,startTimeMode=1,endMode=2,endMonth=9,endDay=-1,endDayOfWeek=1,endTime=7200000,endTimeMode=1]]]" classname="org.springframework.scheduling.support.CronTriggerTests" time="0.0"/>
  <testcase name="[1] localDateTime[2021-02-23T16:38:50.961], time zone[sun.util.calendar.ZoneInfo[id=&quot;PST&quot;,offset=-28800000,dstSavings=3600000,useDaylight=true,transitions=185,lastRule=java.util.SimpleTimeZone[id=PST,offset=-28800000,dstSavings=3600000,useDaylight=true,startYear=0,startMode=3,startMonth=2,startDay=8,startDayOfWeek=1,startTime=7200000,startTimeMode=0,endMode=3,endMonth=10,endDay=1,endDayOfWeek=1,endTime=7200000,endTimeMode=0]]]" classname="org.springframework.scheduling.support.CronTriggerTests" time="0.001"/>
  <testcase name="[2] localDateTime[2021-02-23T16:38:50.961], time zone[sun.util.calendar.ZoneInfo[id=&quot;CET&quot;,offset=3600000,dstSavings=3600000,useDaylight=true,transitions=137,lastRule=java.util.SimpleTimeZone[id=CET,offset=3600000,dstSavings=3600000,useDaylight=true,startYear=0,startMode=2,startMonth=2,startDay=-1,startDayOfWeek=1,startTime=7200000,startTimeMode=1,endMode=2,endMonth=9,endDay=-1,endDayOfWeek=1,endTime=7200000,endTimeMode=1]]]" classname="org.springframework.scheduling.support.CronTriggerTests" time="0.001"/>
  <testcase name="[1] localDateTime[2021-02-23T16:38:50.964], time zone[sun.util.calendar.ZoneInfo[id=&quot;PST&quot;,offset=-28800000,dstSavings=3600000,useDaylight=true,transitions=185,lastRule=java.util.SimpleTimeZone[id=PST,offset=-28800000,dstSavings=3600000,useDaylight=true,startYear=0,startMode=3,startMonth=2,startDay=8,startDayOfWeek=1,startTime=7200000,startTimeMode=0,endMode=3,endMonth=10,endDay=1,endDayOfWeek=1,endTime=7200000,endTimeMode=0]]]" classname="org.springframework.scheduling.support.CronTriggerTests" time="0.0"/>
  <testcase name="[2] localDateTime[2021-02-23T16:38:50.964], time zone[sun.util.calendar.ZoneInfo[id=&quot;CET&quot;,offset=3600000,dstSavings=3600000,useDaylight=true,transitions=137,lastRule=java.util.SimpleTimeZone[id=CET,offset=3600000,dstSavings=3600000,useDaylight=true,startYear=0,startMode=2,startMonth=2,startDay=-1,startDayOfWeek=1,startTime=7200000,startTimeMode=1,endMode=2,endMonth=9,endDay=-1,endDayOfWeek=1,endTime=7200000,endTimeMode=1]]]" classname="org.springframework.scheduling.support.CronTriggerTests" time="0.001"/>
  <testcase name="[1] localDateTime[2021-02-23T16:38:50.966], time zone[sun.util.calendar.ZoneInfo[id=&quot;PST&quot;,offset=-28800000,dstSavings=3600000,useDaylight=true,transitions=185,lastRule=java.util.SimpleTimeZone[id=PST,offset=-28800000,dstSavings=3600000,useDaylight=true,startYear=0,startMode=3,startMonth=2,startDay=8,startDayOfWeek=1,startTime=7200000,startTimeMode=0,endMode=3,endMonth=10,endDay=1,endDayOfWeek=1,endTime=7200000,endTimeMode=0]]]" classname="org.springframework.scheduling.support.CronTriggerTests" time="0.0"/>
  <testcase name="[2] localDateTime[2021-02-23T16:38:50.966], time zone[sun.util.calendar.ZoneInfo[id=&quot;CET&quot;,offset=3600000,dstSavings=3600000,useDaylight=true,transitions=137,lastRule=java.util.SimpleTimeZone[id=CET,offset=3600000,dstSavings=3600000,useDaylight=true,startYear=0,startMode=2,startMonth=2,startDay=-1,startDayOfWeek=1,startTime=7200000,startTimeMode=1,endMode=2,endMonth=9,endDay=-1,endDayOfWeek=1,endTime=7200000,endTimeMode=1]]]" classname="org.springframework.scheduling.support.CronTriggerTests" time="0.0"/>
  <testcase name="[1] localDateTime[2021-02-23T16:38:50.968], time zone[sun.util.calendar.ZoneInfo[id=&quot;PST&quot;,offset=-28800000,dstSavings=3600000,useDaylight=true,transitions=185,lastRule=java.util.SimpleTimeZone[id=PST,offset=-28800000,dstSavings=3600000,useDaylight=true,startYear=0,startMode=3,startMonth=2,startDay=8,startDayOfWeek=1,startTime=7200000,startTimeMode=0,endMode=3,endMonth=10,endDay=1,endDayOfWeek=1,endTime=7200000,endTimeMode=0]]]" classname="org.springframework.scheduling.support.CronTriggerTests" time="0.001"/>
  <testcase name="[2] localDateTime[2021-02-23T16:38:50.968], time zone[sun.util.calendar.ZoneInfo[id=&quot;CET&quot;,offset=3600000,dstSavings=3600000,useDaylight=true,transitions=137,lastRule=java.util.SimpleTimeZone[id=CET,offset=3600000,dstSavings=3600000,useDaylight=true,startYear=0,startMode=2,startMonth=2,startDay=-1,startDayOfWeek=1,startTime=7200000,startTimeMode=1,endMode=2,endMonth=9,endDay=-1,endDayOfWeek=1,endTime=7200000,endTimeMode=1]]]" classname="org.springframework.scheduling.support.CronTriggerTests" time="0.001"/>
  <testcase name="[1] localDateTime[2021-02-23T16:38:50.971], time zone[sun.util.calendar.ZoneInfo[id=&quot;PST&quot;,offset=-28800000,dstSavings=3600000,useDaylight=true,transitions=185,lastRule=java.util.SimpleTimeZone[id=PST,offset=-28800000,dstSavings=3600000,useDaylight=true,startYear=0,startMode=3,startMonth=2,startDay=8,startDayOfWeek=1,startTime=7200000,startTimeMode=0,endMode=3,endMonth=10,endDay=1,endDayOfWeek=1,endTime=7200000,endTimeMode=0]]]" classname="org.springframework.scheduling.support.CronTriggerTests" time="0.0"/>
  <testcase name="[2] localDateTime[2021-02-23T16:38:50.971], time zone[sun.util.calendar.ZoneInfo[id=&quot;CET&quot;,offset=3600000,dstSavings=3600000,useDaylight=true,transitions=137,lastRule=java.util.SimpleTimeZone[id=CET,offset=3600000,dstSavings=3600000,useDaylight=true,startYear=0,startMode=2,startMonth=2,startDay=-1,startDayOfWeek=1,startTime=7200000,startTimeMode=1,endMode=2,endMonth=9,endDay=-1,endDayOfWeek=1,endTime=7200000,endTimeMode=1]]]" classname="org.springframework.scheduling.support.CronTriggerTests" time="0.001"/>
  <testcase name="[1] localDateTime[2021-02-23T16:38:50.974], time zone[sun.util.calendar.ZoneInfo[id=&quot;PST&quot;,offset=-28800000,dstSavings=3600000,useDaylight=true,transitions=185,lastRule=java.util.SimpleTimeZone[id=PST,offset=-28800000,dstSavings=3600000,useDaylight=true,startYear=0,startMode=3,startMonth=2,startDay=8,startDayOfWeek=1,startTime=7200000,startTimeMode=0,endMode=3,endMonth=10,endDay=1,endDayOfWeek=1,endTime=7200000,endTimeMode=0]]]" classname="org.springframework.scheduling.support.CronTriggerTests" time="0.0"/>
  <testcase name="[2] localDateTime[2021-02-23T16:38:50.974], time zone[sun.util.calendar.ZoneInfo[id=&quot;CET&quot;,offset=3600000,dstSavings=3600000,useDaylight=true,transitions=137,lastRule=java.util.SimpleTimeZone[id=CET,offset=3600000,dstSavings=3600000,useDaylight=true,startYear=0,startMode=2,startMonth=2,startDay=-1,startDayOfWeek=1,startTime=7200000,startTimeMode=1,endMode=2,endMonth=9,endDay=-1,endDayOfWeek=1,endTime=7200000,endTimeMode=1]]]" classname="org.springframework.scheduling.support.CronTriggerTests" time="0.0"/>
  <testcase name="[1] localDateTime[2021-02-23T16:38:50.976], time zone[sun.util.calendar.ZoneInfo[id=&quot;PST&quot;,offset=-28800000,dstSavings=3600000,useDaylight=true,transitions=185,lastRule=java.util.SimpleTimeZone[id=PST,offset=-28800000,dstSavings=3600000,useDaylight=true,startYear=0,startMode=3,startMonth=2,startDay=8,startDayOfWeek=1,startTime=7200000,startTimeMode=0,endMode=3,endMonth=10,endDay=1,endDayOfWeek=1,endTime=7200000,endTimeMode=0]]]" classname="org.springframework.scheduling.support.CronTriggerTests" time="0.0"/>
  <testcase name="[2] localDateTime[2021-02-23T16:38:50.976], time zone[sun.util.calendar.ZoneInfo[id=&quot;CET&quot;,offset=3600000,dstSavings=3600000,useDaylight=true,transitions=137,lastRule=java.util.SimpleTimeZone[id=CET,offset=3600000,dstSavings=3600000,useDaylight=true,startYear=0,startMode=2,startMonth=2,startDay=-1,startDayOfWeek=1,startTime=7200000,startTimeMode=1,endMode=2,endMonth=9,endDay=-1,endDayOfWeek=1,endTime=7200000,endTimeMode=1]]]" classname="org.springframework.scheduling.support.CronTriggerTests" time="0.001"/>
  <testcase name="[1] localDateTime[2021-02-23T16:38:50.979], time zone[sun.util.calendar.ZoneInfo[id=&quot;PST&quot;,offset=-28800000,dstSavings=3600000,useDaylight=true,transitions=185,lastRule=java.util.SimpleTimeZone[id=PST,offset=-28800000,dstSavings=3600000,useDaylight=true,startYear=0,startMode=3,startMonth=2,startDay=8,startDayOfWeek=1,startTime=7200000,startTimeMode=0,endMode=3,endMonth=10,endDay=1,endDayOfWeek=1,endTime=7200000,endTimeMode=0]]]" classname="org.springframework.scheduling.support.CronTriggerTests" time="0.001"/>
  <testcase name="[2] localDateTime[2021-02-23T16:38:50.979], time zone[sun.util.calendar.ZoneInfo[id=&quot;CET&quot;,offset=3600000,dstSavings=3600000,useDaylight=true,transitions=137,lastRule=java.util.SimpleTimeZone[id=CET,offset=3600000,dstSavings=3600000,useDaylight=true,startYear=0,startMode=2,startMonth=2,startDay=-1,startDayOfWeek=1,startTime=7200000,startTimeMode=1,endMode=2,endMonth=9,endDay=-1,endDayOfWeek=1,endTime=7200000,endTimeMode=1]]]" classname="org.springframework.scheduling.support.CronTriggerTests" time="0.0"/>
  <testcase name="[1] localDateTime[2021-02-23T16:38:50.984], time zone[sun.util.calendar.ZoneInfo[id=&quot;PST&quot;,offset=-28800000,dstSavings=3600000,useDaylight=true,transitions=185,lastRule=java.util.SimpleTimeZone[id=PST,offset=-28800000,dstSavings=3600000,useDaylight=true,startYear=0,startMode=3,startMonth=2,startDay=8,startDayOfWeek=1,startTime=7200000,startTimeMode=0,endMode=3,endMonth=10,endDay=1,endDayOfWeek=1,endTime=7200000,endTimeMode=0]]]" classname="org.springframework.scheduling.support.CronTriggerTests" time="0.001"/>
  <testcase name="[2] localDateTime[2021-02-23T16:38:50.984], time zone[sun.util.calendar.ZoneInfo[id=&quot;CET&quot;,offset=3600000,dstSavings=3600000,useDaylight=true,transitions=137,lastRule=java.util.SimpleTimeZone[id=CET,offset=3600000,dstSavings=3600000,useDaylight=true,startYear=0,startMode=2,startMonth=2,startDay=-1,startDayOfWeek=1,startTime=7200000,startTimeMode=1,endMode=2,endMonth=9,endDay=-1,endDayOfWeek=1,endTime=7200000,endTimeMode=1]]]" classname="org.springframework.scheduling.support.CronTriggerTests" time="0.001"/>
  <testcase name="[1] localDateTime[2021-02-23T16:38:50.987], time zone[sun.util.calendar.ZoneInfo[id=&quot;PST&quot;,offset=-28800000,dstSavings=3600000,useDaylight=true,transitions=185,lastRule=java.util.SimpleTimeZone[id=PST,offset=-28800000,dstSavings=3600000,useDaylight=true,startYear=0,startMode=3,startMonth=2,startDay=8,startDayOfWeek=1,startTime=7200000,startTimeMode=0,endMode=3,endMonth=10,endDay=1,endDayOfWeek=1,endTime=7200000,endTimeMode=0]]]" classname="org.springframework.scheduling.support.CronTriggerTests" time="0.0"/>
  <testcase name="[2] localDateTime[2021-02-23T16:38:50.987], time zone[sun.util.calendar.ZoneInfo[id=&quot;CET&quot;,offset=3600000,dstSavings=3600000,useDaylight=true,transitions=137,lastRule=java.util.SimpleTimeZone[id=CET,offset=3600000,dstSavings=3600000,useDaylight=true,startYear=0,startMode=2,startMonth=2,startDay=-1,startDayOfWeek=1,startTime=7200000,startTimeMode=1,endMode=2,endMonth=9,endDay=-1,endDayOfWeek=1,endTime=7200000,endTimeMode=1]]]" classname="org.springframework.scheduling.support.CronTriggerTests" time="0.001"/>
  <testcase name="[1] localDateTime[2021-02-23T16:38:50.990], time zone[sun.util.calendar.ZoneInfo[id=&quot;PST&quot;,offset=-28800000,dstSavings=3600000,useDaylight=true,transitions=185,lastRule=java.util.SimpleTimeZone[id=PST,offset=-28800000,dstSavings=3600000,useDaylight=true,startYear=0,startMode=3,startMonth=2,startDay=8,startDayOfWeek=1,startTime=7200000,startTimeMode=0,endMode=3,endMonth=10,endDay=1,endDayOfWeek=1,endTime=7200000,endTimeMode=0]]]" classname="org.springframework.scheduling.support.CronTriggerTests" time="0.001"/>
  <testcase name="[2] localDateTime[2021-02-23T16:38:50.990], time zone[sun.util.calendar.ZoneInfo[id=&quot;CET&quot;,offset=3600000,dstSavings=3600000,useDaylight=true,transitions=137,lastRule=java.util.SimpleTimeZone[id=CET,offset=3600000,dstSavings=3600000,useDaylight=true,startYear=0,startMode=2,startMonth=2,startDay=-1,startDayOfWeek=1,startTime=7200000,startTimeMode=1,endMode=2,endMonth=9,endDay=-1,endDayOfWeek=1,endTime=7200000,endTimeMode=1]]]" classname="org.springframework.scheduling.support.CronTriggerTests" time="0.001"/>
  <testcase name="[1] localDateTime[2021-02-23T16:38:50.993], time zone[sun.util.calendar.ZoneInfo[id=&quot;PST&quot;,offset=-28800000,dstSavings=3600000,useDaylight=true,transitions=185,lastRule=java.util.SimpleTimeZone[id=PST,offset=-28800000,dstSavings=3600000,useDaylight=true,startYear=0,startMode=3,startMonth=2,startDay=8,startDayOfWeek=1,startTime=7200000,startTimeMode=0,endMode=3,endMonth=10,endDay=1,endDayOfWeek=1,endTime=7200000,endTimeMode=0]]]" classname="org.springframework.scheduling.support.CronTriggerTests" time="0.0"/>
  <testcase name="[2] localDateTime[2021-02-23T16:38:50.993], time zone[sun.util.calendar.ZoneInfo[id=&quot;CET&quot;,offset=3600000,dstSavings=3600000,useDaylight=true,transitions=137,lastRule=java.util.SimpleTimeZone[id=CET,offset=3600000,dstSavings=3600000,useDaylight=true,startYear=0,startMode=2,startMonth=2,startDay=-1,startDayOfWeek=1,startTime=7200000,startTimeMode=1,endMode=2,endMonth=9,endDay=-1,endDayOfWeek=1,endTime=7200000,endTimeMode=1]]]" classname="org.springframework.scheduling.support.CronTriggerTests" time="0.0"/>
  <testcase name="[1] localDateTime[2021-02-23T16:38:50.997], time zone[sun.util.calendar.ZoneInfo[id=&quot;PST&quot;,offset=-28800000,dstSavings=3600000,useDaylight=true,transitions=185,lastRule=java.util.SimpleTimeZone[id=PST,offset=-28800000,dstSavings=3600000,useDaylight=true,startYear=0,startMode=3,startMonth=2,startDay=8,startDayOfWeek=1,startTime=7200000,startTimeMode=0,endMode=3,endMonth=10,endDay=1,endDayOfWeek=1,endTime=7200000,endTimeMode=0]]]" classname="org.springframework.scheduling.support.CronTriggerTests" time="0.002"/>
  <testcase name="[2] localDateTime[2021-02-23T16:38:50.997], time zone[sun.util.calendar.ZoneInfo[id=&quot;CET&quot;,offset=3600000,dstSavings=3600000,useDaylight=true,transitions=137,lastRule=java.util.SimpleTimeZone[id=CET,offset=3600000,dstSavings=3600000,useDaylight=true,startYear=0,startMode=2,startMonth=2,startDay=-1,startDayOfWeek=1,startTime=7200000,startTimeMode=1,endMode=2,endMonth=9,endDay=-1,endDayOfWeek=1,endTime=7200000,endTimeMode=1]]]" classname="org.springframework.scheduling.support.CronTriggerTests" time="0.0"/>
  <testcase name="[1] localDateTime[2021-02-23T16:38:51.002], time zone[sun.util.calendar.ZoneInfo[id=&quot;PST&quot;,offset=-28800000,dstSavings=3600000,useDaylight=true,transitions=185,lastRule=java.util.SimpleTimeZone[id=PST,offset=-28800000,dstSavings=3600000,useDaylight=true,startYear=0,startMode=3,startMonth=2,startDay=8,startDayOfWeek=1,startTime=7200000,startTimeMode=0,endMode=3,endMonth=10,endDay=1,endDayOfWeek=1,endTime=7200000,endTimeMode=0]]]" classname="org.springframework.scheduling.support.CronTriggerTests" time="0.001"/>
  <testcase name="[2] localDateTime[2021-02-23T16:38:51.002], time zone[sun.util.calendar.ZoneInfo[id=&quot;CET&quot;,offset=3600000,dstSavings=3600000,useDaylight=true,transitions=137,lastRule=java.util.SimpleTimeZone[id=CET,offset=3600000,dstSavings=3600000,useDaylight=true,startYear=0,startMode=2,startMonth=2,startDay=-1,startDayOfWeek=1,startTime=7200000,startTimeMode=1,endMode=2,endMonth=9,endDay=-1,endDayOfWeek=1,endTime=7200000,endTimeMode=1]]]" classname="org.springframework.scheduling.support.CronTriggerTests" time="0.0"/>
  <testcase name="[1] localDateTime[2021-02-23T16:38:51.005], time zone[sun.util.calendar.ZoneInfo[id=&quot;PST&quot;,offset=-28800000,dstSavings=3600000,useDaylight=true,transitions=185,lastRule=java.util.SimpleTimeZone[id=PST,offset=-28800000,dstSavings=3600000,useDaylight=true,startYear=0,startMode=3,startMonth=2,startDay=8,startDayOfWeek=1,startTime=7200000,startTimeMode=0,endMode=3,endMonth=10,endDay=1,endDayOfWeek=1,endTime=7200000,endTimeMode=0]]]" classname="org.springframework.scheduling.support.CronTriggerTests" time="0.001"/>
  <testcase name="[2] localDateTime[2021-02-23T16:38:51.005], time zone[sun.util.calendar.ZoneInfo[id=&quot;CET&quot;,offset=3600000,dstSavings=3600000,useDaylight=true,transitions=137,lastRule=java.util.SimpleTimeZone[id=CET,offset=3600000,dstSavings=3600000,useDaylight=true,startYear=0,startMode=2,startMonth=2,startDay=-1,startDayOfWeek=1,startTime=7200000,startTimeMode=1,endMode=2,endMonth=9,endDay=-1,endDayOfWeek=1,endTime=7200000,endTimeMode=1]]]" classname="org.springframework.scheduling.support.CronTriggerTests" time="0.0"/>
  <testcase name="[1] localDateTime[2021-02-23T16:38:51.008], time zone[sun.util.calendar.ZoneInfo[id=&quot;PST&quot;,offset=-28800000,dstSavings=3600000,useDaylight=true,transitions=185,lastRule=java.util.SimpleTimeZone[id=PST,offset=-28800000,dstSavings=3600000,useDaylight=true,startYear=0,startMode=3,startMonth=2,startDay=8,startDayOfWeek=1,startTime=7200000,startTimeMode=0,endMode=3,endMonth=10,endDay=1,endDayOfWeek=1,endTime=7200000,endTimeMode=0]]]" classname="org.springframework.scheduling.support.CronTriggerTests" time="0.0"/>
  <testcase name="[2] localDateTime[2021-02-23T16:38:51.008], time zone[sun.util.calendar.ZoneInfo[id=&quot;CET&quot;,offset=3600000,dstSavings=3600000,useDaylight=true,transitions=137,lastRule=java.util.SimpleTimeZone[id=CET,offset=3600000,dstSavings=3600000,useDaylight=true,startYear=0,startMode=2,startMonth=2,startDay=-1,startDayOfWeek=1,startTime=7200000,startTimeMode=1,endMode=2,endMonth=9,endDay=-1,endDayOfWeek=1,endTime=7200000,endTimeMode=1]]]" classname="org.springframework.scheduling.support.CronTriggerTests" time="0.0"/>
  <testcase name="[1] localDateTime[2021-02-23T16:38:51.010], time zone[sun.util.calendar.ZoneInfo[id=&quot;PST&quot;,offset=-28800000,dstSavings=3600000,useDaylight=true,transitions=185,lastRule=java.util.SimpleTimeZone[id=PST,offset=-28800000,dstSavings=3600000,useDaylight=true,startYear=0,startMode=3,startMonth=2,startDay=8,startDayOfWeek=1,startTime=7200000,startTimeMode=0,endMode=3,endMonth=10,endDay=1,endDayOfWeek=1,endTime=7200000,endTimeMode=0]]]" classname="org.springframework.scheduling.support.CronTriggerTests" time="0.0"/>
  <testcase name="[2] localDateTime[2021-02-23T16:38:51.010], time zone[sun.util.calendar.ZoneInfo[id=&quot;CET&quot;,offset=3600000,dstSavings=3600000,useDaylight=true,transitions=137,lastRule=java.util.SimpleTimeZone[id=CET,offset=3600000,dstSavings=3600000,useDaylight=true,startYear=0,startMode=2,startMonth=2,startDay=-1,startDayOfWeek=1,startTime=7200000,startTimeMode=1,endMode=2,endMonth=9,endDay=-1,endDayOfWeek=1,endTime=7200000,endTimeMode=1]]]" classname="org.springframework.scheduling.support.CronTriggerTests" time="0.0"/>
  <testcase name="[1] localDateTime[2021-02-23T16:38:51.012], time zone[sun.util.calendar.ZoneInfo[id=&quot;PST&quot;,offset=-28800000,dstSavings=3600000,useDaylight=true,transitions=185,lastRule=java.util.SimpleTimeZone[id=PST,offset=-28800000,dstSavings=3600000,useDaylight=true,startYear=0,startMode=3,startMonth=2,startDay=8,startDayOfWeek=1,startTime=7200000,startTimeMode=0,endMode=3,endMonth=10,endDay=1,endDayOfWeek=1,endTime=7200000,endTimeMode=0]]]" classname="org.springframework.scheduling.support.CronTriggerTests" time="0.001"/>
  <testcase name="[2] localDateTime[2021-02-23T16:38:51.012], time zone[sun.util.calendar.ZoneInfo[id=&quot;CET&quot;,offset=3600000,dstSavings=3600000,useDaylight=true,transitions=137,lastRule=java.util.SimpleTimeZone[id=CET,offset=3600000,dstSavings=3600000,useDaylight=true,startYear=0,startMode=2,startMonth=2,startDay=-1,startDayOfWeek=1,startTime=7200000,startTimeMode=1,endMode=2,endMonth=9,endDay=-1,endDayOfWeek=1,endTime=7200000,endTimeMode=1]]]" classname="org.springframework.scheduling.support.CronTriggerTests" time="0.001"/>
  <testcase name="[1] localDateTime[2021-02-23T16:38:51.015], time zone[sun.util.calendar.ZoneInfo[id=&quot;PST&quot;,offset=-28800000,dstSavings=3600000,useDaylight=true,transitions=185,lastRule=java.util.SimpleTimeZone[id=PST,offset=-28800000,dstSavings=3600000,useDaylight=true,startYear=0,startMode=3,startMonth=2,startDay=8,startDayOfWeek=1,startTime=7200000,startTimeMode=0,endMode=3,endMonth=10,endDay=1,endDayOfWeek=1,endTime=7200000,endTimeMode=0]]]" classname="org.springframework.scheduling.support.CronTriggerTests" time="0.011"/>
  <testcase name="[2] localDateTime[2021-02-23T16:38:51.015], time zone[sun.util.calendar.ZoneInfo[id=&quot;CET&quot;,offset=3600000,dstSavings=3600000,useDaylight=true,transitions=137,lastRule=java.util.SimpleTimeZone[id=CET,offset=3600000,dstSavings=3600000,useDaylight=true,startYear=0,startMode=2,startMonth=2,startDay=-1,startDayOfWeek=1,startTime=7200000,startTimeMode=1,endMode=2,endMonth=9,endDay=-1,endDayOfWeek=1,endTime=7200000,endTimeMode=1]]]" classname="org.springframework.scheduling.support.CronTriggerTests" time="0.011"/>
  <testcase name="[1] localDateTime[2021-02-23T16:38:51.038], time zone[sun.util.calendar.ZoneInfo[id=&quot;PST&quot;,offset=-28800000,dstSavings=3600000,useDaylight=true,transitions=185,lastRule=java.util.SimpleTimeZone[id=PST,offset=-28800000,dstSavings=3600000,useDaylight=true,startYear=0,startMode=3,startMonth=2,startDay=8,startDayOfWeek=1,startTime=7200000,startTimeMode=0,endMode=3,endMonth=10,endDay=1,endDayOfWeek=1,endTime=7200000,endTimeMode=0]]]" classname="org.springframework.scheduling.support.CronTriggerTests" time="0.0"/>
  <testcase name="[2] localDateTime[2021-02-23T16:38:51.038], time zone[sun.util.calendar.ZoneInfo[id=&quot;CET&quot;,offset=3600000,dstSavings=3600000,useDaylight=true,transitions=137,lastRule=java.util.SimpleTimeZone[id=CET,offset=3600000,dstSavings=3600000,useDaylight=true,startYear=0,startMode=2,startMonth=2,startDay=-1,startDayOfWeek=1,startTime=7200000,startTimeMode=1,endMode=2,endMonth=9,endDay=-1,endDayOfWeek=1,endTime=7200000,endTimeMode=1]]]" classname="org.springframework.scheduling.support.CronTriggerTests" time="0.0"/>
  <testcase name="[1] localDateTime[2021-02-23T16:38:51.040], time zone[sun.util.calendar.ZoneInfo[id=&quot;PST&quot;,offset=-28800000,dstSavings=3600000,useDaylight=true,transitions=185,lastRule=java.util.SimpleTimeZone[id=PST,offset=-28800000,dstSavings=3600000,useDaylight=true,startYear=0,startMode=3,startMonth=2,startDay=8,startDayOfWeek=1,startTime=7200000,startTimeMode=0,endMode=3,endMonth=10,endDay=1,endDayOfWeek=1,endTime=7200000,endTimeMode=0]]]" classname="org.springframework.scheduling.support.CronTriggerTests" time="0.0"/>
  <testcase name="[2] localDateTime[2021-02-23T16:38:51.040], time zone[sun.util.calendar.ZoneInfo[id=&quot;CET&quot;,offset=3600000,dstSavings=3600000,useDaylight=true,transitions=137,lastRule=java.util.SimpleTimeZone[id=CET,offset=3600000,dstSavings=3600000,useDaylight=true,startYear=0,startMode=2,startMonth=2,startDay=-1,startDayOfWeek=1,startTime=7200000,startTimeMode=1,endMode=2,endMonth=9,endDay=-1,endDayOfWeek=1,endTime=7200000,endTimeMode=1]]]" classname="org.springframework.scheduling.support.CronTriggerTests" time="0.0"/>
  <testcase name="[1] localDateTime[2021-02-23T16:38:51.042], time zone[sun.util.calendar.ZoneInfo[id=&quot;PST&quot;,offset=-28800000,dstSavings=3600000,useDaylight=true,transitions=185,lastRule=java.util.SimpleTimeZone[id=PST,offset=-28800000,dstSavings=3600000,useDaylight=true,startYear=0,startMode=3,startMonth=2,startDay=8,startDayOfWeek=1,startTime=7200000,startTimeMode=0,endMode=3,endMonth=10,endDay=1,endDayOfWeek=1,endTime=7200000,endTimeMode=0]]]" classname="org.springframework.scheduling.support.CronTriggerTests" time="0.001"/>
  <testcase name="[2] localDateTime[2021-02-23T16:38:51.042], time zone[sun.util.calendar.ZoneInfo[id=&quot;CET&quot;,offset=3600000,dstSavings=3600000,useDaylight=true,transitions=137,lastRule=java.util.SimpleTimeZone[id=CET,offset=3600000,dstSavings=3600000,useDaylight=true,startYear=0,startMode=2,startMonth=2,startDay=-1,startDayOfWeek=1,startTime=7200000,startTimeMode=1,endMode=2,endMonth=9,endDay=-1,endDayOfWeek=1,endTime=7200000,endTimeMode=1]]]" classname="org.springframework.scheduling.support.CronTriggerTests" time="0.0"/>
  <testcase name="[1] localDateTime[2021-02-23T16:38:51.044], time zone[sun.util.calendar.ZoneInfo[id=&quot;PST&quot;,offset=-28800000,dstSavings=3600000,useDaylight=true,transitions=185,lastRule=java.util.SimpleTimeZone[id=PST,offset=-28800000,dstSavings=3600000,useDaylight=true,startYear=0,startMode=3,startMonth=2,startDay=8,startDayOfWeek=1,startTime=7200000,startTimeMode=0,endMode=3,endMonth=10,endDay=1,endDayOfWeek=1,endTime=7200000,endTimeMode=0]]]" classname="org.springframework.scheduling.support.CronTriggerTests" time="0.001"/>
  <testcase name="[2] localDateTime[2021-02-23T16:38:51.044], time zone[sun.util.calendar.ZoneInfo[id=&quot;CET&quot;,offset=3600000,dstSavings=3600000,useDaylight=true,transitions=137,lastRule=java.util.SimpleTimeZone[id=CET,offset=3600000,dstSavings=3600000,useDaylight=true,startYear=0,startMode=2,startMonth=2,startDay=-1,startDayOfWeek=1,startTime=7200000,startTimeMode=1,endMode=2,endMonth=9,endDay=-1,endDayOfWeek=1,endTime=7200000,endTimeMode=1]]]" classname="org.springframework.scheduling.support.CronTriggerTests" time="0.001"/>
  <testcase name="[1] localDateTime[2021-02-23T16:38:51.047], time zone[sun.util.calendar.ZoneInfo[id=&quot;PST&quot;,offset=-28800000,dstSavings=3600000,useDaylight=true,transitions=185,lastRule=java.util.SimpleTimeZone[id=PST,offset=-28800000,dstSavings=3600000,useDaylight=true,startYear=0,startMode=3,startMonth=2,startDay=8,startDayOfWeek=1,startTime=7200000,startTimeMode=0,endMode=3,endMonth=10,endDay=1,endDayOfWeek=1,endTime=7200000,endTimeMode=0]]]" classname="org.springframework.scheduling.support.CronTriggerTests" time="0.0"/>
  <testcase name="[2] localDateTime[2021-02-23T16:38:51.047], time zone[sun.util.calendar.ZoneInfo[id=&quot;CET&quot;,offset=3600000,dstSavings=3600000,useDaylight=true,transitions=137,lastRule=java.util.SimpleTimeZone[id=CET,offset=3600000,dstSavings=3600000,useDaylight=true,startYear=0,startMode=2,startMonth=2,startDay=-1,startDayOfWeek=1,startTime=7200000,startTimeMode=1,endMode=2,endMonth=9,endDay=-1,endDayOfWeek=1,endTime=7200000,endTimeMode=1]]]" classname="org.springframework.scheduling.support.CronTriggerTests" time="0.001"/>
  <testcase name="[1] localDateTime[2021-02-23T16:38:51.051], time zone[sun.util.calendar.ZoneInfo[id=&quot;PST&quot;,offset=-28800000,dstSavings=3600000,useDaylight=true,transitions=185,lastRule=java.util.SimpleTimeZone[id=PST,offset=-28800000,dstSavings=3600000,useDaylight=true,startYear=0,startMode=3,startMonth=2,startDay=8,startDayOfWeek=1,startTime=7200000,startTimeMode=0,endMode=3,endMonth=10,endDay=1,endDayOfWeek=1,endTime=7200000,endTimeMode=0]]]" classname="org.springframework.scheduling.support.CronTriggerTests" time="0.001"/>
  <testcase name="[2] localDateTime[2021-02-23T16:38:51.051], time zone[sun.util.calendar.ZoneInfo[id=&quot;CET&quot;,offset=3600000,dstSavings=3600000,useDaylight=true,transitions=137,lastRule=java.util.SimpleTimeZone[id=CET,offset=3600000,dstSavings=3600000,useDaylight=true,startYear=0,startMode=2,startMonth=2,startDay=-1,startDayOfWeek=1,startTime=7200000,startTimeMode=1,endMode=2,endMonth=9,endDay=-1,endDayOfWeek=1,endTime=7200000,endTimeMode=1]]]" classname="org.springframework.scheduling.support.CronTriggerTests" time="0.001"/>
  <testcase name="[1] localDateTime[2021-02-23T16:38:51.054], time zone[sun.util.calendar.ZoneInfo[id=&quot;PST&quot;,offset=-28800000,dstSavings=3600000,useDaylight=true,transitions=185,lastRule=java.util.SimpleTimeZone[id=PST,offset=-28800000,dstSavings=3600000,useDaylight=true,startYear=0,startMode=3,startMonth=2,startDay=8,startDayOfWeek=1,startTime=7200000,startTimeMode=0,endMode=3,endMonth=10,endDay=1,endDayOfWeek=1,endTime=7200000,endTimeMode=0]]]" classname="org.springframework.scheduling.support.CronTriggerTests" time="0.0"/>
  <testcase name="[2] localDateTime[2021-02-23T16:38:51.054], time zone[sun.util.calendar.ZoneInfo[id=&quot;CET&quot;,offset=3600000,dstSavings=3600000,useDaylight=true,transitions=137,lastRule=java.util.SimpleTimeZone[id=CET,offset=3600000,dstSavings=3600000,useDaylight=true,startYear=0,startMode=2,startMonth=2,startDay=-1,startDayOfWeek=1,startTime=7200000,startTimeMode=1,endMode=2,endMonth=9,endDay=-1,endDayOfWeek=1,endTime=7200000,endTimeMode=1]]]" classname="org.springframework.scheduling.support.CronTriggerTests" time="0.0"/>
  <testcase name="[1] localDateTime[2021-02-23T16:38:51.055], time zone[sun.util.calendar.ZoneInfo[id=&quot;PST&quot;,offset=-28800000,dstSavings=3600000,useDaylight=true,transitions=185,lastRule=java.util.SimpleTimeZone[id=PST,offset=-28800000,dstSavings=3600000,useDaylight=true,startYear=0,startMode=3,startMonth=2,startDay=8,startDayOfWeek=1,startTime=7200000,startTimeMode=0,endMode=3,endMonth=10,endDay=1,endDayOfWeek=1,endTime=7200000,endTimeMode=0]]]" classname="org.springframework.scheduling.support.CronTriggerTests" time="0.001"/>
  <testcase name="[2] localDateTime[2021-02-23T16:38:51.055], time zone[sun.util.calendar.ZoneInfo[id=&quot;CET&quot;,offset=3600000,dstSavings=3600000,useDaylight=true,transitions=137,lastRule=java.util.SimpleTimeZone[id=CET,offset=3600000,dstSavings=3600000,useDaylight=true,startYear=0,startMode=2,startMonth=2,startDay=-1,startDayOfWeek=1,startTime=7200000,startTimeMode=1,endMode=2,endMonth=9,endDay=-1,endDayOfWeek=1,endTime=7200000,endTimeMode=1]]]" classname="org.springframework.scheduling.support.CronTriggerTests" time="0.001"/>
  <testcase name="[1] localDateTime[2021-02-23T16:38:51.057], time zone[sun.util.calendar.ZoneInfo[id=&quot;PST&quot;,offset=-28800000,dstSavings=3600000,useDaylight=true,transitions=185,lastRule=java.util.SimpleTimeZone[id=PST,offset=-28800000,dstSavings=3600000,useDaylight=true,startYear=0,startMode=3,startMonth=2,startDay=8,startDayOfWeek=1,startTime=7200000,startTimeMode=0,endMode=3,endMonth=10,endDay=1,endDayOfWeek=1,endTime=7200000,endTimeMode=0]]]" classname="org.springframework.scheduling.support.CronTriggerTests" time="0.001"/>
  <testcase name="[2] localDateTime[2021-02-23T16:38:51.058], time zone[sun.util.calendar.ZoneInfo[id=&quot;CET&quot;,offset=3600000,dstSavings=3600000,useDaylight=true,transitions=137,lastRule=java.util.SimpleTimeZone[id=CET,offset=3600000,dstSavings=3600000,useDaylight=true,startYear=0,startMode=2,startMonth=2,startDay=-1,startDayOfWeek=1,startTime=7200000,startTimeMode=1,endMode=2,endMonth=9,endDay=-1,endDayOfWeek=1,endTime=7200000,endTimeMode=1]]]" classname="org.springframework.scheduling.support.CronTriggerTests" time="0.0"/>
  <testcase name="[1] localDateTime[2021-02-23T16:38:51.059], time zone[sun.util.calendar.ZoneInfo[id=&quot;PST&quot;,offset=-28800000,dstSavings=3600000,useDaylight=true,transitions=185,lastRule=java.util.SimpleTimeZone[id=PST,offset=-28800000,dstSavings=3600000,useDaylight=true,startYear=0,startMode=3,startMonth=2,startDay=8,startDayOfWeek=1,startTime=7200000,startTimeMode=0,endMode=3,endMonth=10,endDay=1,endDayOfWeek=1,endTime=7200000,endTimeMode=0]]]" classname="org.springframework.scheduling.support.CronTriggerTests" time="0.0"/>
  <testcase name="[2] localDateTime[2021-02-23T16:38:51.059], time zone[sun.util.calendar.ZoneInfo[id=&quot;CET&quot;,offset=3600000,dstSavings=3600000,useDaylight=true,transitions=137,lastRule=java.util.SimpleTimeZone[id=CET,offset=3600000,dstSavings=3600000,useDaylight=true,startYear=0,startMode=2,startMonth=2,startDay=-1,startDayOfWeek=1,startTime=7200000,startTimeMode=1,endMode=2,endMonth=9,endDay=-1,endDayOfWeek=1,endTime=7200000,endTimeMode=1]]]" classname="org.springframework.scheduling.support.CronTriggerTests" time="0.0"/>
  <testcase name="[1] localDateTime[2021-02-23T16:38:51.061], time zone[sun.util.calendar.ZoneInfo[id=&quot;PST&quot;,offset=-28800000,dstSavings=3600000,useDaylight=true,transitions=185,lastRule=java.util.SimpleTimeZone[id=PST,offset=-28800000,dstSavings=3600000,useDaylight=true,startYear=0,startMode=3,startMonth=2,startDay=8,startDayOfWeek=1,startTime=7200000,startTimeMode=0,endMode=3,endMonth=10,endDay=1,endDayOfWeek=1,endTime=7200000,endTimeMode=0]]]" classname="org.springframework.scheduling.support.CronTriggerTests" time="0.001"/>
  <testcase name="[2] localDateTime[2021-02-23T16:38:51.061], time zone[sun.util.calendar.ZoneInfo[id=&quot;CET&quot;,offset=3600000,dstSavings=3600000,useDaylight=true,transitions=137,lastRule=java.util.SimpleTimeZone[id=CET,offset=3600000,dstSavings=3600000,useDaylight=true,startYear=0,startMode=2,startMonth=2,startDay=-1,startDayOfWeek=1,startTime=7200000,startTimeMode=1,endMode=2,endMonth=9,endDay=-1,endDayOfWeek=1,endTime=7200000,endTimeMode=1]]]" classname="org.springframework.scheduling.support.CronTriggerTests" time="0.001"/>
  <testcase name="[1] localDateTime[2021-02-23T16:38:51.064], time zone[sun.util.calendar.ZoneInfo[id=&quot;PST&quot;,offset=-28800000,dstSavings=3600000,useDaylight=true,transitions=185,lastRule=java.util.SimpleTimeZone[id=PST,offset=-28800000,dstSavings=3600000,useDaylight=true,startYear=0,startMode=3,startMonth=2,startDay=8,startDayOfWeek=1,startTime=7200000,startTimeMode=0,endMode=3,endMonth=10,endDay=1,endDayOfWeek=1,endTime=7200000,endTimeMode=0]]]" classname="org.springframework.scheduling.support.CronTriggerTests" time="0.0"/>
  <testcase name="[2] localDateTime[2021-02-23T16:38:51.064], time zone[sun.util.calendar.ZoneInfo[id=&quot;CET&quot;,offset=3600000,dstSavings=3600000,useDaylight=true,transitions=137,lastRule=java.util.SimpleTimeZone[id=CET,offset=3600000,dstSavings=3600000,useDaylight=true,startYear=0,startMode=2,startMonth=2,startDay=-1,startDayOfWeek=1,startTime=7200000,startTimeMode=1,endMode=2,endMonth=9,endDay=-1,endDayOfWeek=1,endTime=7200000,endTimeMode=1]]]" classname="org.springframework.scheduling.support.CronTriggerTests" time="0.0"/>
  <testcase name="[1] localDateTime[2021-02-23T16:38:51.066], time zone[sun.util.calendar.ZoneInfo[id=&quot;PST&quot;,offset=-28800000,dstSavings=3600000,useDaylight=true,transitions=185,lastRule=java.util.SimpleTimeZone[id=PST,offset=-28800000,dstSavings=3600000,useDaylight=true,startYear=0,startMode=3,startMonth=2,startDay=8,startDayOfWeek=1,startTime=7200000,startTimeMode=0,endMode=3,endMonth=10,endDay=1,endDayOfWeek=1,endTime=7200000,endTimeMode=0]]]" classname="org.springframework.scheduling.support.CronTriggerTests" time="0.0"/>
  <testcase name="[2] localDateTime[2021-02-23T16:38:51.066], time zone[sun.util.calendar.ZoneInfo[id=&quot;CET&quot;,offset=3600000,dstSavings=3600000,useDaylight=true,transitions=137,lastRule=java.util.SimpleTimeZone[id=CET,offset=3600000,dstSavings=3600000,useDaylight=true,startYear=0,startMode=2,startMonth=2,startDay=-1,startDayOfWeek=1,startTime=7200000,startTimeMode=1,endMode=2,endMonth=9,endDay=-1,endDayOfWeek=1,endTime=7200000,endTimeMode=1]]]" classname="org.springframework.scheduling.support.CronTriggerTests" time="0.0"/>
  <testcase name="[1] localDateTime[2021-02-23T16:38:51.069], time zone[sun.util.calendar.ZoneInfo[id=&quot;PST&quot;,offset=-28800000,dstSavings=3600000,useDaylight=true,transitions=185,lastRule=java.util.SimpleTimeZone[id=PST,offset=-28800000,dstSavings=3600000,useDaylight=true,startYear=0,startMode=3,startMonth=2,startDay=8,startDayOfWeek=1,startTime=7200000,startTimeMode=0,endMode=3,endMonth=10,endDay=1,endDayOfWeek=1,endTime=7200000,endTimeMode=0]]]" classname="org.springframework.scheduling.support.CronTriggerTests" time="0.0"/>
  <testcase name="[2] localDateTime[2021-02-23T16:38:51.069], time zone[sun.util.calendar.ZoneInfo[id=&quot;CET&quot;,offset=3600000,dstSavings=3600000,useDaylight=true,transitions=137,lastRule=java.util.SimpleTimeZone[id=CET,offset=3600000,dstSavings=3600000,useDaylight=true,startYear=0,startMode=2,startMonth=2,startDay=-1,startDayOfWeek=1,startTime=7200000,startTimeMode=1,endMode=2,endMonth=9,endDay=-1,endDayOfWeek=1,endTime=7200000,endTimeMode=1]]]" classname="org.springframework.scheduling.support.CronTriggerTests" time="0.001"/>
  <testcase name="[1] localDateTime[2021-02-23T16:38:51.071], time zone[sun.util.calendar.ZoneInfo[id=&quot;PST&quot;,offset=-28800000,dstSavings=3600000,useDaylight=true,transitions=185,lastRule=java.util.SimpleTimeZone[id=PST,offset=-28800000,dstSavings=3600000,useDaylight=true,startYear=0,startMode=3,startMonth=2,startDay=8,startDayOfWeek=1,startTime=7200000,startTimeMode=0,endMode=3,endMonth=10,endDay=1,endDayOfWeek=1,endTime=7200000,endTimeMode=0]]]" classname="org.springframework.scheduling.support.CronTriggerTests" time="0.001"/>
  <testcase name="[2] localDateTime[2021-02-23T16:38:51.071], time zone[sun.util.calendar.ZoneInfo[id=&quot;CET&quot;,offset=3600000,dstSavings=3600000,useDaylight=true,transitions=137,lastRule=java.util.SimpleTimeZone[id=CET,offset=3600000,dstSavings=3600000,useDaylight=true,startYear=0,startMode=2,startMonth=2,startDay=-1,startDayOfWeek=1,startTime=7200000,startTimeMode=1,endMode=2,endMonth=9,endDay=-1,endDayOfWeek=1,endTime=7200000,endTimeMode=1]]]" classname="org.springframework.scheduling.support.CronTriggerTests" time="0.001"/>
  <testcase name="[1] localDateTime[2021-02-23T16:38:51.074], time zone[sun.util.calendar.ZoneInfo[id=&quot;PST&quot;,offset=-28800000,dstSavings=3600000,useDaylight=true,transitions=185,lastRule=java.util.SimpleTimeZone[id=PST,offset=-28800000,dstSavings=3600000,useDaylight=true,startYear=0,startMode=3,startMonth=2,startDay=8,startDayOfWeek=1,startTime=7200000,startTimeMode=0,endMode=3,endMonth=10,endDay=1,endDayOfWeek=1,endTime=7200000,endTimeMode=0]]]" classname="org.springframework.scheduling.support.CronTriggerTests" time="0.001"/>
  <testcase name="[2] localDateTime[2021-02-23T16:38:51.074], time zone[sun.util.calendar.ZoneInfo[id=&quot;CET&quot;,offset=3600000,dstSavings=3600000,useDaylight=true,transitions=137,lastRule=java.util.SimpleTimeZone[id=CET,offset=3600000,dstSavings=3600000,useDaylight=true,startYear=0,startMode=2,startMonth=2,startDay=-1,startDayOfWeek=1,startTime=7200000,startTimeMode=1,endMode=2,endMonth=9,endDay=-1,endDayOfWeek=1,endTime=7200000,endTimeMode=1]]]" classname="org.springframework.scheduling.support.CronTriggerTests" time="0.001"/>
  <testcase name="[1] localDateTime[2021-02-23T16:38:51.077], time zone[sun.util.calendar.ZoneInfo[id=&quot;PST&quot;,offset=-28800000,dstSavings=3600000,useDaylight=true,transitions=185,lastRule=java.util.SimpleTimeZone[id=PST,offset=-28800000,dstSavings=3600000,useDaylight=true,startYear=0,startMode=3,startMonth=2,startDay=8,startDayOfWeek=1,startTime=7200000,startTimeMode=0,endMode=3,endMonth=10,endDay=1,endDayOfWeek=1,endTime=7200000,endTimeMode=0]]]" classname="org.springframework.scheduling.support.CronTriggerTests" time="0.0"/>
  <testcase name="[2] localDateTime[2021-02-23T16:38:51.077], time zone[sun.util.calendar.ZoneInfo[id=&quot;CET&quot;,offset=3600000,dstSavings=3600000,useDaylight=true,transitions=137,lastRule=java.util.SimpleTimeZone[id=CET,offset=3600000,dstSavings=3600000,useDaylight=true,startYear=0,startMode=2,startMonth=2,startDay=-1,startDayOfWeek=1,startTime=7200000,startTimeMode=1,endMode=2,endMonth=9,endDay=-1,endDayOfWeek=1,endTime=7200000,endTimeMode=1]]]" classname="org.springframework.scheduling.support.CronTriggerTests" time="0.0"/>
  <testcase name="[1] localDateTime[2021-02-23T16:38:51.079], time zone[sun.util.calendar.ZoneInfo[id=&quot;PST&quot;,offset=-28800000,dstSavings=3600000,useDaylight=true,transitions=185,lastRule=java.util.SimpleTimeZone[id=PST,offset=-28800000,dstSavings=3600000,useDaylight=true,startYear=0,startMode=3,startMonth=2,startDay=8,startDayOfWeek=1,startTime=7200000,startTimeMode=0,endMode=3,endMonth=10,endDay=1,endDayOfWeek=1,endTime=7200000,endTimeMode=0]]]" classname="org.springframework.scheduling.support.CronTriggerTests" time="0.001"/>
  <testcase name="[2] localDateTime[2021-02-23T16:38:51.079], time zone[sun.util.calendar.ZoneInfo[id=&quot;CET&quot;,offset=3600000,dstSavings=3600000,useDaylight=true,transitions=137,lastRule=java.util.SimpleTimeZone[id=CET,offset=3600000,dstSavings=3600000,useDaylight=true,startYear=0,startMode=2,startMonth=2,startDay=-1,startDayOfWeek=1,startTime=7200000,startTimeMode=1,endMode=2,endMonth=9,endDay=-1,endDayOfWeek=1,endTime=7200000,endTimeMode=1]]]" classname="org.springframework.scheduling.support.CronTriggerTests" time="0.001"/>
  <testcase name="[1] localDateTime[2021-02-23T16:38:51.082], time zone[sun.util.calendar.ZoneInfo[id=&quot;PST&quot;,offset=-28800000,dstSavings=3600000,useDaylight=true,transitions=185,lastRule=java.util.SimpleTimeZone[id=PST,offset=-28800000,dstSavings=3600000,useDaylight=true,startYear=0,startMode=3,startMonth=2,startDay=8,startDayOfWeek=1,startTime=7200000,startTimeMode=0,endMode=3,endMonth=10,endDay=1,endDayOfWeek=1,endTime=7200000,endTimeMode=0]]]" classname="org.springframework.scheduling.support.CronTriggerTests" time="0.0"/>
  <testcase name="[2] localDateTime[2021-02-23T16:38:51.082], time zone[sun.util.calendar.ZoneInfo[id=&quot;CET&quot;,offset=3600000,dstSavings=3600000,useDaylight=true,transitions=137,lastRule=java.util.SimpleTimeZone[id=CET,offset=3600000,dstSavings=3600000,useDaylight=true,startYear=0,startMode=2,startMonth=2,startDay=-1,startDayOfWeek=1,startTime=7200000,startTimeMode=1,endMode=2,endMonth=9,endDay=-1,endDayOfWeek=1,endTime=7200000,endTimeMode=1]]]" classname="org.springframework.scheduling.support.CronTriggerTests" time="0.0"/>
  <testcase name="[1] localDateTime[2021-02-23T16:38:51.084], time zone[sun.util.calendar.ZoneInfo[id=&quot;PST&quot;,offset=-28800000,dstSavings=3600000,useDaylight=true,transitions=185,lastRule=java.util.SimpleTimeZone[id=PST,offset=-28800000,dstSavings=3600000,useDaylight=true,startYear=0,startMode=3,startMonth=2,startDay=8,startDayOfWeek=1,startTime=7200000,startTimeMode=0,endMode=3,endMonth=10,endDay=1,endDayOfWeek=1,endTime=7200000,endTimeMode=0]]]" classname="org.springframework.scheduling.support.CronTriggerTests" time="0.001"/>
  <testcase name="[2] localDateTime[2021-02-23T16:38:51.084], time zone[sun.util.calendar.ZoneInfo[id=&quot;CET&quot;,offset=3600000,dstSavings=3600000,useDaylight=true,transitions=137,lastRule=java.util.SimpleTimeZone[id=CET,offset=3600000,dstSavings=3600000,useDaylight=true,startYear=0,startMode=2,startMonth=2,startDay=-1,startDayOfWeek=1,startTime=7200000,startTimeMode=1,endMode=2,endMonth=9,endDay=-1,endDayOfWeek=1,endTime=7200000,endTimeMode=1]]]" classname="org.springframework.scheduling.support.CronTriggerTests" time="0.001"/>
  <testcase name="[1] localDateTime[2021-02-23T16:38:51.088], time zone[sun.util.calendar.ZoneInfo[id=&quot;PST&quot;,offset=-28800000,dstSavings=3600000,useDaylight=true,transitions=185,lastRule=java.util.SimpleTimeZone[id=PST,offset=-28800000,dstSavings=3600000,useDaylight=true,startYear=0,startMode=3,startMonth=2,startDay=8,startDayOfWeek=1,startTime=7200000,startTimeMode=0,endMode=3,endMonth=10,endDay=1,endDayOfWeek=1,endTime=7200000,endTimeMode=0]]]" classname="org.springframework.scheduling.support.CronTriggerTests" time="0.0"/>
  <testcase name="[2] localDateTime[2021-02-23T16:38:51.088], time zone[sun.util.calendar.ZoneInfo[id=&quot;CET&quot;,offset=3600000,dstSavings=3600000,useDaylight=true,transitions=137,lastRule=java.util.SimpleTimeZone[id=CET,offset=3600000,dstSavings=3600000,useDaylight=true,startYear=0,startMode=2,startMonth=2,startDay=-1,startDayOfWeek=1,startTime=7200000,startTimeMode=1,endMode=2,endMonth=9,endDay=-1,endDayOfWeek=1,endTime=7200000,endTimeMode=1]]]" classname="org.springframework.scheduling.support.CronTriggerTests" time="0.0"/>
  <testcase name="[1] localDateTime[2021-02-23T16:38:51.090], time zone[sun.util.calendar.ZoneInfo[id=&quot;PST&quot;,offset=-28800000,dstSavings=3600000,useDaylight=true,transitions=185,lastRule=java.util.SimpleTimeZone[id=PST,offset=-28800000,dstSavings=3600000,useDaylight=true,startYear=0,startMode=3,startMonth=2,startDay=8,startDayOfWeek=1,startTime=7200000,startTimeMode=0,endMode=3,endMonth=10,endDay=1,endDayOfWeek=1,endTime=7200000,endTimeMode=0]]]" classname="org.springframework.scheduling.support.CronTriggerTests" time="0.001"/>
  <testcase name="[2] localDateTime[2021-02-23T16:38:51.090], time zone[sun.util.calendar.ZoneInfo[id=&quot;CET&quot;,offset=3600000,dstSavings=3600000,useDaylight=true,transitions=137,lastRule=java.util.SimpleTimeZone[id=CET,offset=3600000,dstSavings=3600000,useDaylight=true,startYear=0,startMode=2,startMonth=2,startDay=-1,startDayOfWeek=1,startTime=7200000,startTimeMode=1,endMode=2,endMonth=9,endDay=-1,endDayOfWeek=1,endTime=7200000,endTimeMode=1]]]" classname="org.springframework.scheduling.support.CronTriggerTests" time="0.001"/>
  <testcase name="[1] localDateTime[2021-02-23T16:38:51.093], time zone[sun.util.calendar.ZoneInfo[id=&quot;PST&quot;,offset=-28800000,dstSavings=3600000,useDaylight=true,transitions=185,lastRule=java.util.SimpleTimeZone[id=PST,offset=-28800000,dstSavings=3600000,useDaylight=true,startYear=0,startMode=3,startMonth=2,startDay=8,startDayOfWeek=1,startTime=7200000,startTimeMode=0,endMode=3,endMonth=10,endDay=1,endDayOfWeek=1,endTime=7200000,endTimeMode=0]]]" classname="org.springframework.scheduling.support.CronTriggerTests" time="0.0"/>
  <testcase name="[2] localDateTime[2021-02-23T16:38:51.093], time zone[sun.util.calendar.ZoneInfo[id=&quot;CET&quot;,offset=3600000,dstSavings=3600000,useDaylight=true,transitions=137,lastRule=java.util.SimpleTimeZone[id=CET,offset=3600000,dstSavings=3600000,useDaylight=true,startYear=0,startMode=2,startMonth=2,startDay=-1,startDayOfWeek=1,startTime=7200000,startTimeMode=1,endMode=2,endMonth=9,endDay=-1,endDayOfWeek=1,endTime=7200000,endTimeMode=1]]]" classname="org.springframework.scheduling.support.CronTriggerTests" time="0.0"/>
  <testcase name="[1] localDateTime[2021-02-23T16:38:51.095], time zone[sun.util.calendar.ZoneInfo[id=&quot;PST&quot;,offset=-28800000,dstSavings=3600000,useDaylight=true,transitions=185,lastRule=java.util.SimpleTimeZone[id=PST,offset=-28800000,dstSavings=3600000,useDaylight=true,startYear=0,startMode=3,startMonth=2,startDay=8,startDayOfWeek=1,startTime=7200000,startTimeMode=0,endMode=3,endMonth=10,endDay=1,endDayOfWeek=1,endTime=7200000,endTimeMode=0]]]" classname="org.springframework.scheduling.support.CronTriggerTests" time="0.001"/>
  <testcase name="[2] localDateTime[2021-02-23T16:38:51.095], time zone[sun.util.calendar.ZoneInfo[id=&quot;CET&quot;,offset=3600000,dstSavings=3600000,useDaylight=true,transitions=137,lastRule=java.util.SimpleTimeZone[id=CET,offset=3600000,dstSavings=3600000,useDaylight=true,startYear=0,startMode=2,startMonth=2,startDay=-1,startDayOfWeek=1,startTime=7200000,startTimeMode=1,endMode=2,endMonth=9,endDay=-1,endDayOfWeek=1,endTime=7200000,endTimeMode=1]]]" classname="org.springframework.scheduling.support.CronTriggerTests" time="0.0"/>
  <testcase name="[1] localDateTime[2021-02-23T16:38:51.098], time zone[sun.util.calendar.ZoneInfo[id=&quot;PST&quot;,offset=-28800000,dstSavings=3600000,useDaylight=true,transitions=185,lastRule=java.util.SimpleTimeZone[id=PST,offset=-28800000,dstSavings=3600000,useDaylight=true,startYear=0,startMode=3,startMonth=2,startDay=8,startDayOfWeek=1,startTime=7200000,startTimeMode=0,endMode=3,endMonth=10,endDay=1,endDayOfWeek=1,endTime=7200000,endTimeMode=0]]]" classname="org.springframework.scheduling.support.CronTriggerTests" time="0.0"/>
  <testcase name="[2] localDateTime[2021-02-23T16:38:51.098], time zone[sun.util.calendar.ZoneInfo[id=&quot;CET&quot;,offset=3600000,dstSavings=3600000,useDaylight=true,transitions=137,lastRule=java.util.SimpleTimeZone[id=CET,offset=3600000,dstSavings=3600000,useDaylight=true,startYear=0,startMode=2,startMonth=2,startDay=-1,startDayOfWeek=1,startTime=7200000,startTimeMode=1,endMode=2,endMonth=9,endDay=-1,endDayOfWeek=1,endTime=7200000,endTimeMode=1]]]" classname="org.springframework.scheduling.support.CronTriggerTests" time="0.0"/>
  <testcase name="[1] localDateTime[2021-02-23T16:38:51.100], time zone[sun.util.calendar.ZoneInfo[id=&quot;PST&quot;,offset=-28800000,dstSavings=3600000,useDaylight=true,transitions=185,lastRule=java.util.SimpleTimeZone[id=PST,offset=-28800000,dstSavings=3600000,useDaylight=true,startYear=0,startMode=3,startMonth=2,startDay=8,startDayOfWeek=1,startTime=7200000,startTimeMode=0,endMode=3,endMonth=10,endDay=1,endDayOfWeek=1,endTime=7200000,endTimeMode=0]]]" classname="org.springframework.scheduling.support.CronTriggerTests" time="0.001"/>
  <testcase name="[2] localDateTime[2021-02-23T16:38:51.100], time zone[sun.util.calendar.ZoneInfo[id=&quot;CET&quot;,offset=3600000,dstSavings=3600000,useDaylight=true,transitions=137,lastRule=java.util.SimpleTimeZone[id=CET,offset=3600000,dstSavings=3600000,useDaylight=true,startYear=0,startMode=2,startMonth=2,startDay=-1,startDayOfWeek=1,startTime=7200000,startTimeMode=1,endMode=2,endMonth=9,endDay=-1,endDayOfWeek=1,endTime=7200000,endTimeMode=1]]]" classname="org.springframework.scheduling.support.CronTriggerTests" time="0.0"/>
  <testcase name="[1] localDateTime[2021-02-23T16:38:51.103], time zone[sun.util.calendar.ZoneInfo[id=&quot;PST&quot;,offset=-28800000,dstSavings=3600000,useDaylight=true,transitions=185,lastRule=java.util.SimpleTimeZone[id=PST,offset=-28800000,dstSavings=3600000,useDaylight=true,startYear=0,startMode=3,startMonth=2,startDay=8,startDayOfWeek=1,startTime=7200000,startTimeMode=0,endMode=3,endMonth=10,endDay=1,endDayOfWeek=1,endTime=7200000,endTimeMode=0]]]" classname="org.springframework.scheduling.support.CronTriggerTests" time="0.001"/>
  <testcase name="[2] localDateTime[2021-02-23T16:38:51.103], time zone[sun.util.calendar.ZoneInfo[id=&quot;CET&quot;,offset=3600000,dstSavings=3600000,useDaylight=true,transitions=137,lastRule=java.util.SimpleTimeZone[id=CET,offset=3600000,dstSavings=3600000,useDaylight=true,startYear=0,startMode=2,startMonth=2,startDay=-1,startDayOfWeek=1,startTime=7200000,startTimeMode=1,endMode=2,endMonth=9,endDay=-1,endDayOfWeek=1,endTime=7200000,endTimeMode=1]]]" classname="org.springframework.scheduling.support.CronTriggerTests" time="0.001"/>
  <testcase name="[1] localDateTime[2021-02-23T16:38:51.105], time zone[sun.util.calendar.ZoneInfo[id=&quot;PST&quot;,offset=-28800000,dstSavings=3600000,useDaylight=true,transitions=185,lastRule=java.util.SimpleTimeZone[id=PST,offset=-28800000,dstSavings=3600000,useDaylight=true,startYear=0,startMode=3,startMonth=2,startDay=8,startDayOfWeek=1,startTime=7200000,startTimeMode=0,endMode=3,endMonth=10,endDay=1,endDayOfWeek=1,endTime=7200000,endTimeMode=0]]]" classname="org.springframework.scheduling.support.CronTriggerTests" time="0.0"/>
  <testcase name="[2] localDateTime[2021-02-23T16:38:51.105], time zone[sun.util.calendar.ZoneInfo[id=&quot;CET&quot;,offset=3600000,dstSavings=3600000,useDaylight=true,transitions=137,lastRule=java.util.SimpleTimeZone[id=CET,offset=3600000,dstSavings=3600000,useDaylight=true,startYear=0,startMode=2,startMonth=2,startDay=-1,startDayOfWeek=1,startTime=7200000,startTimeMode=1,endMode=2,endMonth=9,endDay=-1,endDayOfWeek=1,endTime=7200000,endTimeMode=1]]]" classname="org.springframework.scheduling.support.CronTriggerTests" time="0.001"/>
  <testcase name="[1] localDateTime[2021-02-23T16:38:51.107], time zone[sun.util.calendar.ZoneInfo[id=&quot;PST&quot;,offset=-28800000,dstSavings=3600000,useDaylight=true,transitions=185,lastRule=java.util.SimpleTimeZone[id=PST,offset=-28800000,dstSavings=3600000,useDaylight=true,startYear=0,startMode=3,startMonth=2,startDay=8,startDayOfWeek=1,startTime=7200000,startTimeMode=0,endMode=3,endMonth=10,endDay=1,endDayOfWeek=1,endTime=7200000,endTimeMode=0]]]" classname="org.springframework.scheduling.support.CronTriggerTests" time="0.0"/>
  <testcase name="[2] localDateTime[2021-02-23T16:38:51.107], time zone[sun.util.calendar.ZoneInfo[id=&quot;CET&quot;,offset=3600000,dstSavings=3600000,useDaylight=true,transitions=137,lastRule=java.util.SimpleTimeZone[id=CET,offset=3600000,dstSavings=3600000,useDaylight=true,startYear=0,startMode=2,startMonth=2,startDay=-1,startDayOfWeek=1,startTime=7200000,startTimeMode=1,endMode=2,endMonth=9,endDay=-1,endDayOfWeek=1,endTime=7200000,endTimeMode=1]]]" classname="org.springframework.scheduling.support.CronTriggerTests" time="0.001"/>
  <testcase name="[1] localDateTime[2021-02-23T16:38:51.109], time zone[sun.util.calendar.ZoneInfo[id=&quot;PST&quot;,offset=-28800000,dstSavings=3600000,useDaylight=true,transitions=185,lastRule=java.util.SimpleTimeZone[id=PST,offset=-28800000,dstSavings=3600000,useDaylight=true,startYear=0,startMode=3,startMonth=2,startDay=8,startDayOfWeek=1,startTime=7200000,startTimeMode=0,endMode=3,endMonth=10,endDay=1,endDayOfWeek=1,endTime=7200000,endTimeMode=0]]]" classname="org.springframework.scheduling.support.CronTriggerTests" time="0.0"/>
  <testcase name="[2] localDateTime[2021-02-23T16:38:51.109], time zone[sun.util.calendar.ZoneInfo[id=&quot;CET&quot;,offset=3600000,dstSavings=3600000,useDaylight=true,transitions=137,lastRule=java.util.SimpleTimeZone[id=CET,offset=3600000,dstSavings=3600000,useDaylight=true,startYear=0,startMode=2,startMonth=2,startDay=-1,startDayOfWeek=1,startTime=7200000,startTimeMode=1,endMode=2,endMonth=9,endDay=-1,endDayOfWeek=1,endTime=7200000,endTimeMode=1]]]" classname="org.springframework.scheduling.support.CronTriggerTests" time="0.0"/>
  <testcase name="[1] localDateTime[2021-02-23T16:38:51.111], time zone[sun.util.calendar.ZoneInfo[id=&quot;PST&quot;,offset=-28800000,dstSavings=3600000,useDaylight=true,transitions=185,lastRule=java.util.SimpleTimeZone[id=PST,offset=-28800000,dstSavings=3600000,useDaylight=true,startYear=0,startMode=3,startMonth=2,startDay=8,startDayOfWeek=1,startTime=7200000,startTimeMode=0,endMode=3,endMonth=10,endDay=1,endDayOfWeek=1,endTime=7200000,endTimeMode=0]]]" classname="org.springframework.scheduling.support.CronTriggerTests" time="0.001"/>
  <testcase name="[2] localDateTime[2021-02-23T16:38:51.111], time zone[sun.util.calendar.ZoneInfo[id=&quot;CET&quot;,offset=3600000,dstSavings=3600000,useDaylight=true,transitions=137,lastRule=java.util.SimpleTimeZone[id=CET,offset=3600000,dstSavings=3600000,useDaylight=true,startYear=0,startMode=2,startMonth=2,startDay=-1,startDayOfWeek=1,startTime=7200000,startTimeMode=1,endMode=2,endMonth=9,endDay=-1,endDayOfWeek=1,endTime=7200000,endTimeMode=1]]]" classname="org.springframework.scheduling.support.CronTriggerTests" time="0.0"/>
  <testcase name="[1] localDateTime[2021-02-23T16:38:51.113], time zone[sun.util.calendar.ZoneInfo[id=&quot;PST&quot;,offset=-28800000,dstSavings=3600000,useDaylight=true,transitions=185,lastRule=java.util.SimpleTimeZone[id=PST,offset=-28800000,dstSavings=3600000,useDaylight=true,startYear=0,startMode=3,startMonth=2,startDay=8,startDayOfWeek=1,startTime=7200000,startTimeMode=0,endMode=3,endMonth=10,endDay=1,endDayOfWeek=1,endTime=7200000,endTimeMode=0]]]" classname="org.springframework.scheduling.support.CronTriggerTests" time="0.001"/>
  <testcase name="[2] localDateTime[2021-02-23T16:38:51.113], time zone[sun.util.calendar.ZoneInfo[id=&quot;CET&quot;,offset=3600000,dstSavings=3600000,useDaylight=true,transitions=137,lastRule=java.util.SimpleTimeZone[id=CET,offset=3600000,dstSavings=3600000,useDaylight=true,startYear=0,startMode=2,startMonth=2,startDay=-1,startDayOfWeek=1,startTime=7200000,startTimeMode=1,endMode=2,endMonth=9,endDay=-1,endDayOfWeek=1,endTime=7200000,endTimeMode=1]]]" classname="org.springframework.scheduling.support.CronTriggerTests" time="0.0"/>
  <testcase name="[1] localDateTime[2021-02-23T16:38:51.116], time zone[sun.util.calendar.ZoneInfo[id=&quot;PST&quot;,offset=-28800000,dstSavings=3600000,useDaylight=true,transitions=185,lastRule=java.util.SimpleTimeZone[id=PST,offset=-28800000,dstSavings=3600000,useDaylight=true,startYear=0,startMode=3,startMonth=2,startDay=8,startDayOfWeek=1,startTime=7200000,startTimeMode=0,endMode=3,endMonth=10,endDay=1,endDayOfWeek=1,endTime=7200000,endTimeMode=0]]]" classname="org.springframework.scheduling.support.CronTriggerTests" time="0.001"/>
  <testcase name="[2] localDateTime[2021-02-23T16:38:51.116], time zone[sun.util.calendar.ZoneInfo[id=&quot;CET&quot;,offset=3600000,dstSavings=3600000,useDaylight=true,transitions=137,lastRule=java.util.SimpleTimeZone[id=CET,offset=3600000,dstSavings=3600000,useDaylight=true,startYear=0,startMode=2,startMonth=2,startDay=-1,startDayOfWeek=1,startTime=7200000,startTimeMode=1,endMode=2,endMonth=9,endDay=-1,endDayOfWeek=1,endTime=7200000,endTimeMode=1]]]" classname="org.springframework.scheduling.support.CronTriggerTests" time="0.001"/>
  <system-out><![CDATA[]]></system-out>
  <system-err><![CDATA[]]></system-err>
</testsuite>
