<?xml version="1.0" encoding="UTF-8"?>
<testsuite name="org.springframework.jmx.export.LazyInitMBeanTests" tests="1" skipped="0" failures="0" errors="0" timestamp="2021-02-23T08:38:45" hostname="CHENGXINHUA-PC" time="0.011">
  <properties/>
  <testcase name="invokeOnLazyInitBean()" classname="org.springframework.jmx.export.LazyInitMBeanTests" time="0.011"/>
  <system-out><![CDATA[]]></system-out>
  <system-err><![CDATA[]]></system-err>
</testsuite>
