<?xml version="1.0" encoding="UTF-8"?>
<testsuite name="org.springframework.aop.aspectj.BeanNamePointcutTests" tests="6" skipped="0" failures="0" errors="0" timestamp="2021-02-23T08:38:19" hostname="CHENGXINHUA-PC" time="0.14">
  <properties/>
  <testcase name="testPointcutAdvisorCombination()" classname="org.springframework.aop.aspectj.BeanNamePointcutTests" time="0.034"/>
  <testcase name="testMatchingBeanName()" classname="org.springframework.aop.aspectj.BeanNamePointcutTests" time="0.018"/>
  <testcase name="testMatchingFactoryBeanItself()" classname="org.springframework.aop.aspectj.BeanNamePointcutTests" time="0.017"/>
  <testcase name="testMatchingFactoryBeanObject()" classname="org.springframework.aop.aspectj.BeanNamePointcutTests" time="0.026"/>
  <testcase name="testNonMatchingNestedBeanName()" classname="org.springframework.aop.aspectj.BeanNamePointcutTests" time="0.019"/>
  <testcase name="testNonMatchingBeanName()" classname="org.springframework.aop.aspectj.BeanNamePointcutTests" time="0.023"/>
  <system-out><![CDATA[]]></system-out>
  <system-err><![CDATA[]]></system-err>
</testsuite>
