<?xml version="1.0" encoding="UTF-8"?>
<testsuite name="org.springframework.aop.aspectj.AfterReturningAdviceBindingTests" tests="12" skipped="0" failures="0" errors="0" timestamp="2021-02-23T08:38:17" hostname="CHENGXINHUA-PC" time="0.481">
  <properties/>
  <testcase name="testNoInvokeWhenReturningParameterTypeDoesNotMatch()" classname="org.springframework.aop.aspectj.AfterReturningAdviceBindingTests" time="0.1"/>
  <testcase name="testReturningBeanArray()" classname="org.springframework.aop.aspectj.AfterReturningAdviceBindingTests" time="0.042"/>
  <testcase name="testReturningPrimitive()" classname="org.springframework.aop.aspectj.AfterReturningAdviceBindingTests" time="0.037"/>
  <testcase name="testReturningBean()" classname="org.springframework.aop.aspectj.AfterReturningAdviceBindingTests" time="0.038"/>
  <testcase name="testOneObjectArg()" classname="org.springframework.aop.aspectj.AfterReturningAdviceBindingTests" time="0.035"/>
  <testcase name="testNeedsJoinPoint()" classname="org.springframework.aop.aspectj.AfterReturningAdviceBindingTests" time="0.031"/>
  <testcase name="testReturningByType()" classname="org.springframework.aop.aspectj.AfterReturningAdviceBindingTests" time="0.044"/>
  <testcase name="testReturningObject()" classname="org.springframework.aop.aspectj.AfterReturningAdviceBindingTests" time="0.034"/>
  <testcase name="testReturningString()" classname="org.springframework.aop.aspectj.AfterReturningAdviceBindingTests" time="0.027"/>
  <testcase name="testOneIntAndOneObjectArgs()" classname="org.springframework.aop.aspectj.AfterReturningAdviceBindingTests" time="0.031"/>
  <testcase name="testNeedsJoinPointStaticPart()" classname="org.springframework.aop.aspectj.AfterReturningAdviceBindingTests" time="0.033"/>
  <testcase name="testOneIntArg()" classname="org.springframework.aop.aspectj.AfterReturningAdviceBindingTests" time="0.024"/>
  <system-out><![CDATA[]]></system-out>
  <system-err><![CDATA[]]></system-err>
</testsuite>
