<?xml version="1.0" encoding="UTF-8"?>
<testsuite name="org.springframework.context.annotation.PrimitiveBeanLookupAndAutowiringTests" tests="4" skipped="0" failures="0" errors="0" timestamp="2021-02-23T08:38:36" hostname="CHENGXINHUA-PC" time="0.013">
  <properties/>
  <testcase name="primitiveAutowiredInjection()" classname="org.springframework.context.annotation.PrimitiveBeanLookupAndAutowiringTests" time="0.005"/>
  <testcase name="primitiveLookupByName()" classname="org.springframework.context.annotation.PrimitiveBeanLookupAndAutowiringTests" time="0.003"/>
  <testcase name="primitiveLookupByType()" classname="org.springframework.context.annotation.PrimitiveBeanLookupAndAutowiringTests" time="0.002"/>
  <testcase name="primitiveResourceInjection()" classname="org.springframework.context.annotation.PrimitiveBeanLookupAndAutowiringTests" time="0.003"/>
  <system-out><![CDATA[]]></system-out>
  <system-err><![CDATA[]]></system-err>
</testsuite>
