<?xml version="1.0" encoding="UTF-8"?>
<testsuite name="org.springframework.context.annotation.configuration.ConfigurationClassAspectIntegrationTests" tests="3" skipped="0" failures="0" errors="0" timestamp="2021-02-23T08:38:33" hostname="CHENGXINHUA-PC" time="0.055">
  <properties/>
  <testcase name="configurationIncludesAspect()" classname="org.springframework.context.annotation.configuration.ConfigurationClassAspectIntegrationTests" time="0.021"/>
  <testcase name="withInnerClassAndLambdaExpression()" classname="org.springframework.context.annotation.configuration.ConfigurationClassAspectIntegrationTests" time="0.013"/>
  <testcase name="aspectAnnotatedConfiguration()" classname="org.springframework.context.annotation.configuration.ConfigurationClassAspectIntegrationTests" time="0.02"/>
  <system-out><![CDATA[]]></system-out>
  <system-err><![CDATA[]]></system-err>
</testsuite>
