<?xml version="1.0" encoding="UTF-8"?>
<testsuite name="org.springframework.context.annotation.ComponentScanParserBeanDefinitionDefaultsTests" tests="12" skipped="0" failures="0" errors="0" timestamp="2021-02-23T08:38:30" hostname="CHENGXINHUA-PC" time="2.719">
  <properties/>
  <testcase name="testDefaultInitAndDestroyMethodsDefined()" classname="org.springframework.context.annotation.ComponentScanParserBeanDefinitionDefaultsTests" time="0.255"/>
  <testcase name="testDefaultNonExistingInitAndDestroyMethodsDefined()" classname="org.springframework.context.annotation.ComponentScanParserBeanDefinitionDefaultsTests" time="0.235"/>
  <testcase name="testDefaultAutowire()" classname="org.springframework.context.annotation.ComponentScanParserBeanDefinitionDefaultsTests" time="0.247"/>
  <testcase name="testLazyInitFalse()" classname="org.springframework.context.annotation.ComponentScanParserBeanDefinitionDefaultsTests" time="0.274"/>
  <testcase name="testAutowireNo()" classname="org.springframework.context.annotation.ComponentScanParserBeanDefinitionDefaultsTests" time="0.225"/>
  <testcase name="testDefaultDependencyCheck()" classname="org.springframework.context.annotation.ComponentScanParserBeanDefinitionDefaultsTests" time="0.249"/>
  <testcase name="testDefaultLazyInit()" classname="org.springframework.context.annotation.ComponentScanParserBeanDefinitionDefaultsTests" time="0.214"/>
  <testcase name="testDefaultInitAndDestroyMethodsNotDefined()" classname="org.springframework.context.annotation.ComponentScanParserBeanDefinitionDefaultsTests" time="0.197"/>
  <testcase name="testAutowireByName()" classname="org.springframework.context.annotation.ComponentScanParserBeanDefinitionDefaultsTests" time="0.198"/>
  <testcase name="testAutowireByType()" classname="org.springframework.context.annotation.ComponentScanParserBeanDefinitionDefaultsTests" time="0.214"/>
  <testcase name="testAutowireConstructor()" classname="org.springframework.context.annotation.ComponentScanParserBeanDefinitionDefaultsTests" time="0.207"/>
  <testcase name="testLazyInitTrue()" classname="org.springframework.context.annotation.ComponentScanParserBeanDefinitionDefaultsTests" time="0.203"/>
  <system-out><![CDATA[16:38:32.533 [Test worker] WARN  o.s.c.s.GenericApplicationContext - Exception encountered during context initialization - cancelling refresh attempt: org.springframework.beans.factory.UnsatisfiedDependencyException: Error creating bean with name 'componentScanParserBeanDefinitionDefaultsTests.DefaultsTestBean' defined in file [D:\ideaworkspace\spring-framework-master\spring-context\build\classes\java\test\org\springframework\context\annotation\ComponentScanParserBeanDefinitionDefaultsTests$DefaultsTestBean.class]: Unsatisfied dependency expressed through bean property 'propertyDependency1'; nested exception is org.springframework.beans.factory.NoUniqueBeanDefinitionException: No qualifying bean of type 'org.springframework.context.annotation.ComponentScanParserBeanDefinitionDefaultsTests$PropertyDependencyTestBean' available: expected single matching bean but found 2: org.springframework.context.annotation.ComponentScanParserBeanDefinitionDefaultsTests$PropertyDependencyTestBean#0,propertyDependency2
]]></system-out>
  <system-err><![CDATA[]]></system-err>
</testsuite>
