<?xml version="1.0" encoding="UTF-8"?>
<testsuite name="org.springframework.context.annotation.Spr11202Tests" tests="2" skipped="0" failures="0" errors="0" timestamp="2021-02-23T08:38:36" hostname="CHENGXINHUA-PC" time="0.009">
  <properties/>
  <testcase name="testWithImporter()" classname="org.springframework.context.annotation.Spr11202Tests" time="0.007"/>
  <testcase name="testWithoutImporter()" classname="org.springframework.context.annotation.Spr11202Tests" time="0.002"/>
  <system-out><![CDATA[]]></system-out>
  <system-err><![CDATA[]]></system-err>
</testsuite>
