<?xml version="1.0" encoding="UTF-8"?>
<testsuite name="org.springframework.aop.config.AopNamespaceHandlerReturningTests" tests="2" skipped="0" failures="0" errors="0" timestamp="2021-02-23T08:38:20" hostname="CHENGXINHUA-PC" time="0.019">
  <properties/>
  <testcase name="testParseReturningOnOtherAdviceType()" classname="org.springframework.aop.config.AopNamespaceHandlerReturningTests" time="0.009"/>
  <testcase name="testReturningOnReturningAdvice()" classname="org.springframework.aop.config.AopNamespaceHandlerReturningTests" time="0.01"/>
  <system-out><![CDATA[]]></system-out>
  <system-err><![CDATA[]]></system-err>
</testsuite>
