<?xml version="1.0" encoding="UTF-8"?>
<testsuite name="org.springframework.scripting.groovy.GroovyAspectTests" tests="4" skipped="0" failures="0" errors="0" timestamp="2021-02-23T08:38:52" hostname="CHENGXINHUA-PC" time="0.079">
  <properties/>
  <testcase name="manualGroovyBeanWithStaticPointcut()" classname="org.springframework.scripting.groovy.GroovyAspectTests" time="0.029"/>
  <testcase name="manualGroovyBeanWithDynamicPointcutProxyTargetClass()" classname="org.springframework.scripting.groovy.GroovyAspectTests" time="0.027"/>
  <testcase name="manualGroovyBeanWithUnconditionalPointcut()" classname="org.springframework.scripting.groovy.GroovyAspectTests" time="0.01"/>
  <testcase name="manualGroovyBeanWithDynamicPointcut()" classname="org.springframework.scripting.groovy.GroovyAspectTests" time="0.012"/>
  <system-out><![CDATA[]]></system-out>
  <system-err><![CDATA[]]></system-err>
</testsuite>
