<?xml version="1.0" encoding="UTF-8"?>
<testsuite name="org.springframework.context.annotation.SimpleScanTests" tests="1" skipped="0" failures="0" errors="0" timestamp="2021-02-23T08:38:36" hostname="CHENGXINHUA-PC" time="0.018">
  <properties/>
  <testcase name="testFooService()" classname="org.springframework.context.annotation.SimpleScanTests" time="0.018"/>
  <system-out><![CDATA[]]></system-out>
  <system-err><![CDATA[]]></system-err>
</testsuite>
